<?xml version="1.0" encoding="utf-8"?>
<TestRun id="60de0be3-4ba1-4ff8-9777-3ab77285f4c1" name="@fv-az366-82 2023-11-27 03:12:00" xmlns="http://microsoft.com/schemas/VisualStudio/TeamTest/2010">
  <Times creation="2023-11-27T03:12:00.5586728+00:00" queuing="2023-11-27T03:12:00.5586729+00:00" start="2023-11-27T03:11:57.2034689+00:00" finish="2023-11-27T03:12:03.3435252+00:00" />
  <TestSettings name="default" id="390a41c0-c258-4648-a635-e6f59690d59f">
    <Deployment runDeploymentRoot="_fv-az366-82_2023-11-27_03_12_00" />
  </TestSettings>
  <Results>
    <UnitTestResult executionId="61d0a947-91d7-4cb6-8453-b590c1d2c7fd" testId="f16b5c37-02bf-3471-01c7-18bf50d80066" testName="Fail when searching for by communication event" computerName="fv-az366-82" duration="00:00:00.0108811" startTime="2023-11-27T03:12:01.0935077+00:00" endTime="2023-11-27T03:12:01.0935079+00:00" testType="13cdc9d9-ddb5-4fa4-a97d-d965ccfc6d4b" outcome="Passed" testListId="8c84fa94-04c1-424b-9868-57a2d4851a1d" relativeResultsDirectory="61d0a947-91d7-4cb6-8453-b590c1d2c7fd" />
    <UnitTestResult executionId="4ff3f489-49c6-467c-9cd4-b4ff0995dae2" testId="8b8c0ed4-270d-bf14-e343-f1277059faa8" testName="EventReviewMissing_NullReference_01" computerName="fv-az366-82" duration="00:00:00.0011946" startTime="2023-11-27T03:12:03.1951387+00:00" endTime="2023-11-27T03:12:03.1964237+00:00" testType="13cdc9d9-ddb5-4fa4-a97d-d965ccfc6d4b" outcome="Passed" testListId="8c84fa94-04c1-424b-9868-57a2d4851a1d" relativeResultsDirectory="4ff3f489-49c6-467c-9cd4-b4ff0995dae2" />
    <UnitTestResult executionId="edbaaa68-e5da-4c6d-b7f9-4f6aac36e078" testId="7e99a53b-6cbd-e252-d723-f3445182134d" testName="UpdateStatusAndPriority_01 (800,,2022-11-01,Warning,Warning,Normal)" computerName="fv-az366-82" duration="00:00:00.0001831" startTime="2023-11-27T03:12:03.2529991+00:00" endTime="2023-11-27T03:12:03.2532958+00:00" testType="13cdc9d9-ddb5-4fa4-a97d-d965ccfc6d4b" outcome="Failed" testListId="8c84fa94-04c1-424b-9868-57a2d4851a1d" relativeResultsDirectory="edbaaa68-e5da-4c6d-b7f9-4f6aac36e078">
      <Output>
        <ErrorInfo>
          <Message>Assert.AreEqual failed. Expected:&lt;Warning&gt;. Actual:&lt;Danger&gt;. </Message>
          <StackTrace>   at Mottu.Zika.Maintenance.Vehicle.Block.Business.Test.Services.UpdateMaintenanceVehiclesInfoServiceTest.UpdateStatusAndPriority_01(Int32 odometerReviewIn, String _schedulingActiveAt, String _maintenanceReviewAt, StatusReviewInfo expectedUserStatus, StatusReviewInfo expectedVehicleStatus, PriorityBlockInfo expectedPriority) in /home/runner/work/maintenance-vehicle-block/maintenance-vehicle-block/src/Mottu.Zika.Maintenance.Vehicle.Block.Business.Test/Services/UpdateMaintenanceVehiclesInfoServiceTest.cs:line 128
</StackTrace>
        </ErrorInfo>
      </Output>
    </UnitTestResult>
    <UnitTestResult executionId="fee199fe-850c-4e99-b8e4-9192b5a186ac" testId="ba6a1719-55f7-94d9-54dc-01e886c5c5a6" testName="CalcOdometerReviewIn_02 (0.9,1221.3,-221)" computerName="fv-az366-82" duration="00:00:00.0011973" startTime="2023-11-27T03:12:03.2419423+00:00" endTime="2023-11-27T03:12:03.2432747+00:00" testType="13cdc9d9-ddb5-4fa4-a97d-d965ccfc6d4b" outcome="Passed" testListId="8c84fa94-04c1-424b-9868-57a2d4851a1d" relativeResultsDirectory="fee199fe-850c-4e99-b8e4-9192b5a186ac">
      <Output>
        <StdOut>lastkmReview: 0.9, actualOdometer: 1221.3
Expected: -221, Result: -221</StdOut>
      </Output>
    </UnitTestResult>
    <UnitTestResult executionId="dcdac5f8-15e8-492f-b40d-5f372cc8527d" testId="a281f9d1-20b2-6d10-292a-ba5a6f9a6011" testName="EventReviewMissing_NullReferenceException" computerName="fv-az366-82" duration="00:00:00.0021978" startTime="2023-11-27T03:12:03.1996266+00:00" endTime="2023-11-27T03:12:03.2019142+00:00" testType="13cdc9d9-ddb5-4fa4-a97d-d965ccfc6d4b" outcome="Passed" testListId="8c84fa94-04c1-424b-9868-57a2d4851a1d" relativeResultsDirectory="dcdac5f8-15e8-492f-b40d-5f372cc8527d" />
    <UnitTestResult executionId="18722ee5-e2ef-4b7c-946b-d684f5db9473" testId="780df651-ea07-eb44-4cad-d3fd9a867f07" testName="UpdateStatusAndPriority_01 (1000,,2022-11-01,Warning,Warning,Normal)" computerName="fv-az366-82" duration="00:00:00.0000303" startTime="2023-11-27T03:12:03.2524804+00:00" endTime="2023-11-27T03:12:03.2526371+00:00" testType="13cdc9d9-ddb5-4fa4-a97d-d965ccfc6d4b" outcome="Passed" testListId="8c84fa94-04c1-424b-9868-57a2d4851a1d" relativeResultsDirectory="18722ee5-e2ef-4b7c-946b-d684f5db9473" />
    <UnitTestResult executionId="aceb1197-93ec-4d1c-bd31-e72afaddc8f5" testId="cb747875-7761-f068-de55-c750df7c10e0" testName="UpdateStatusAndPriority_01 (5000,,,Ok,Ok,Normal)" computerName="fv-az366-82" duration="00:00:00.0034958" startTime="2023-11-27T03:12:03.2437017+00:00" endTime="2023-11-27T03:12:03.2476309+00:00" testType="13cdc9d9-ddb5-4fa4-a97d-d965ccfc6d4b" outcome="Passed" testListId="8c84fa94-04c1-424b-9868-57a2d4851a1d" relativeResultsDirectory="aceb1197-93ec-4d1c-bd31-e72afaddc8f5" />
    <UnitTestResult executionId="ea2342ac-dd3d-4b70-8926-a65a483be8ec" testId="15656fad-353b-8f70-c91f-bf53fc334832" testName="Fail when updating communicationEventLog" computerName="fv-az366-82" duration="00:00:00.0111142" startTime="2023-11-27T03:12:01.1171278+00:00" endTime="2023-11-27T03:12:01.1171280+00:00" testType="13cdc9d9-ddb5-4fa4-a97d-d965ccfc6d4b" outcome="Passed" testListId="8c84fa94-04c1-424b-9868-57a2d4851a1d" relativeResultsDirectory="ea2342ac-dd3d-4b70-8926-a65a483be8ec" />
    <UnitTestResult executionId="bc211a0c-7d9b-4247-9cd8-9aa49aa957c6" testId="15625007-5287-41ef-ca34-943a3f8034df" testName="UpdateStatusAndPriority_01 (3000,,2022-11-01,Ok,Ok,Normal)" computerName="fv-az366-82" duration="00:00:00.0000105" startTime="2023-11-27T03:12:03.2516405+00:00" endTime="2023-11-27T03:12:03.2517455+00:00" testType="13cdc9d9-ddb5-4fa4-a97d-d965ccfc6d4b" outcome="Passed" testListId="8c84fa94-04c1-424b-9868-57a2d4851a1d" relativeResultsDirectory="bc211a0c-7d9b-4247-9cd8-9aa49aa957c6" />
    <UnitTestResult executionId="e3dee1c7-025f-4d7c-8e48-ca1c1c96dc19" testId="a8b190b7-5082-c12f-8788-e3e58fcf83de" testName="UpdateStatusAndPriority_01 (900,,,Ok,Ok,Normal)" computerName="fv-az366-82" duration="00:00:00.0000046" startTime="2023-11-27T03:12:03.2487483+00:00" endTime="2023-11-27T03:12:03.2488419+00:00" testType="13cdc9d9-ddb5-4fa4-a97d-d965ccfc6d4b" outcome="Passed" testListId="8c84fa94-04c1-424b-9868-57a2d4851a1d" relativeResultsDirectory="e3dee1c7-025f-4d7c-8e48-ca1c1c96dc19" />
    <UnitTestResult executionId="4b0f0590-9b4e-4f8f-978c-20bcec738016" testId="2e2b4f8d-b7d6-870c-b979-9945c9389c68" testName="CalcOdometerReviewIn_02 (0,0,1000)" computerName="fv-az366-82" duration="00:00:00.0000162" startTime="2023-11-27T03:12:03.2433059+00:00" endTime="2023-11-27T03:12:03.2434313+00:00" testType="13cdc9d9-ddb5-4fa4-a97d-d965ccfc6d4b" outcome="Passed" testListId="8c84fa94-04c1-424b-9868-57a2d4851a1d" relativeResultsDirectory="4b0f0590-9b4e-4f8f-978c-20bcec738016">
      <Output>
        <StdOut>lastkmReview: 0, actualOdometer: 0
Expected: 1000, Result: 1000</StdOut>
      </Output>
    </UnitTestResult>
    <UnitTestResult executionId="4d31e1bb-8ff6-4a65-a926-7ed249210a80" testId="3e632ceb-80fc-56f7-84b3-ab168b323c6c" testName="Convert events to be sent are not generated with empty eventlog object" computerName="fv-az366-82" duration="00:00:00.0032067" startTime="2023-11-27T03:12:02.7104168+00:00" endTime="2023-11-27T03:12:02.7104169+00:00" testType="13cdc9d9-ddb5-4fa4-a97d-d965ccfc6d4b" outcome="Passed" testListId="8c84fa94-04c1-424b-9868-57a2d4851a1d" relativeResultsDirectory="4d31e1bb-8ff6-4a65-a926-7ed249210a80" />
    <UnitTestResult executionId="96a05717-e380-4330-86a3-b825b12739ab" testId="8b52c7ac-a65b-c28a-22c3-a056a2f04150" testName="Do not get events if paginate params is negative numbers(cultureInfo: &quot;es-MX&quot;)" computerName="fv-az366-82" duration="00:00:00.0104266" startTime="2023-11-27T03:12:00.8485479+00:00" endTime="2023-11-27T03:12:00.8485480+00:00" testType="13cdc9d9-ddb5-4fa4-a97d-d965ccfc6d4b" outcome="Failed" testListId="8c84fa94-04c1-424b-9868-57a2d4851a1d" relativeResultsDirectory="96a05717-e380-4330-86a3-b825b12739ab">
      <Output>
        <ErrorInfo>
          <Message>System.NullReferenceException : Object reference not set to an instance of an object.</Message>
          <StackTrace>   at Mottu.Zika.Maintenance.Vehicle.Block.Business.Test.Handler.CommunicationEventLogHandlerTest.CommunicationEventLog_DoNotGetEvent_PageParamsInvalid(String cultureInfo) in /home/runner/work/maintenance-vehicle-block/maintenance-vehicle-block/src/Mottu.Zika.Maintenance.Vehicle.Block.Business.Test/Handler/CommunicationEventLogHandlerTest.cs:line 51
--- End of stack trace from previous location ---</StackTrace>
        </ErrorInfo>
      </Output>
    </UnitTestResult>
    <UnitTestResult executionId="7f624fd5-b8be-4898-a103-2d504b9a0ce6" testId="b351c056-ef45-b7ac-d7e5-e32cb28650fe" testName="UpdateStatusAndPriority_01 (2000,,2022-11-01,Ok,Ok,Normal)" computerName="fv-az366-82" duration="00:00:00.0000063" startTime="2023-11-27T03:12:03.2517611+00:00" endTime="2023-11-27T03:12:03.2518552+00:00" testType="13cdc9d9-ddb5-4fa4-a97d-d965ccfc6d4b" outcome="Passed" testListId="8c84fa94-04c1-424b-9868-57a2d4851a1d" relativeResultsDirectory="7f624fd5-b8be-4898-a103-2d504b9a0ce6" />
    <UnitTestResult executionId="721fd913-6162-4600-baf1-e60bf1e65780" testId="f76fb8c1-c40d-39fa-a42f-9454013fb003" testName="UpdateStatusAndPriority_01 (500,,,Ok,Ok,Normal)" computerName="fv-az366-82" duration="00:00:00.0000037" startTime="2023-11-27T03:12:03.2491514+00:00" endTime="2023-11-27T03:12:03.2492365+00:00" testType="13cdc9d9-ddb5-4fa4-a97d-d965ccfc6d4b" outcome="Passed" testListId="8c84fa94-04c1-424b-9868-57a2d4851a1d" relativeResultsDirectory="721fd913-6162-4600-baf1-e60bf1e65780" />
    <UnitTestResult executionId="168399e4-2611-470a-8696-201a62f63e49" testId="4bd37250-d766-3686-7fad-78bd30e4953a" testName="CalcOdometerReviewIn_01 (5000,10000,-1000)" computerName="fv-az366-82" duration="00:00:00.0000089" startTime="2023-11-27T03:12:03.2408417+00:00" endTime="2023-11-27T03:12:03.2409043+00:00" testType="13cdc9d9-ddb5-4fa4-a97d-d965ccfc6d4b" outcome="Passed" testListId="8c84fa94-04c1-424b-9868-57a2d4851a1d" relativeResultsDirectory="168399e4-2611-470a-8696-201a62f63e49">
      <Output>
        <StdOut>lastkmReview: 5000, actualOdometer: 10000
Expected: -1000, Result: -1000</StdOut>
      </Output>
    </UnitTestResult>
    <UnitTestResult executionId="d422b982-3c75-43ae-a8b3-2f23b7caa1b0" testId="96e69500-e4fe-b02e-2eb2-7d5e04e1043b" testName="UpdateStatusAndPriority_01 (400,,2022-11-01,Danger,Danger,High)" computerName="fv-az366-82" duration="00:00:00.0001691" startTime="2023-11-27T03:12:03.2542350+00:00" endTime="2023-11-27T03:12:03.2545107+00:00" testType="13cdc9d9-ddb5-4fa4-a97d-d965ccfc6d4b" outcome="Failed" testListId="8c84fa94-04c1-424b-9868-57a2d4851a1d" relativeResultsDirectory="d422b982-3c75-43ae-a8b3-2f23b7caa1b0">
      <Output>
        <ErrorInfo>
          <Message>Assert.AreEqual failed. Expected:&lt;Danger&gt;. Actual:&lt;Risk&gt;. </Message>
          <StackTrace>   at Mottu.Zika.Maintenance.Vehicle.Block.Business.Test.Services.UpdateMaintenanceVehiclesInfoServiceTest.UpdateStatusAndPriority_01(Int32 odometerReviewIn, String _schedulingActiveAt, String _maintenanceReviewAt, StatusReviewInfo expectedUserStatus, StatusReviewInfo expectedVehicleStatus, PriorityBlockInfo expectedPriority) in /home/runner/work/maintenance-vehicle-block/maintenance-vehicle-block/src/Mottu.Zika.Maintenance.Vehicle.Block.Business.Test/Services/UpdateMaintenanceVehiclesInfoServiceTest.cs:line 128
</StackTrace>
        </ErrorInfo>
      </Output>
    </UnitTestResult>
    <UnitTestResult executionId="fea84d1e-d517-4965-abeb-af966b24c5bd" testId="caa44502-5c6b-6bcb-f7c7-9f8903996e15" testName="EventKmWithoutScheduling_05" computerName="fv-az366-82" duration="00:00:00.0011153" startTime="2023-11-27T03:12:03.1814070+00:00" endTime="2023-11-27T03:12:03.1825974+00:00" testType="13cdc9d9-ddb5-4fa4-a97d-d965ccfc6d4b" outcome="Passed" testListId="8c84fa94-04c1-424b-9868-57a2d4851a1d" relativeResultsDirectory="fea84d1e-d517-4965-abeb-af966b24c5bd" />
    <UnitTestResult executionId="6c888a9c-02ae-4176-957d-f2fa9d10e530" testId="a8cc5d0c-b08a-e403-c863-06d9c4fbe723" testName="Success when try to save the event mandatory maintenance" computerName="fv-az366-82" duration="00:00:00.0093612" startTime="2023-11-27T03:12:01.1576329+00:00" endTime="2023-11-27T03:12:01.1576331+00:00" testType="13cdc9d9-ddb5-4fa4-a97d-d965ccfc6d4b" outcome="Passed" testListId="8c84fa94-04c1-424b-9868-57a2d4851a1d" relativeResultsDirectory="6c888a9c-02ae-4176-957d-f2fa9d10e530" />
    <UnitTestResult executionId="49366a2a-a487-4e33-adb1-4b3bff171be7" testId="c1c5a090-715c-758d-a7a8-fb55df4756f2" testName="Fail when consume message without a user" computerName="fv-az366-82" duration="00:00:00.0106530" startTime="2023-11-27T03:12:01.2181960+00:00" endTime="2023-11-27T03:12:01.2181961+00:00" testType="13cdc9d9-ddb5-4fa4-a97d-d965ccfc6d4b" outcome="Passed" testListId="8c84fa94-04c1-424b-9868-57a2d4851a1d" relativeResultsDirectory="49366a2a-a487-4e33-adb1-4b3bff171be7" />
    <UnitTestResult executionId="e1022875-4256-43d4-91d8-3809d6645794" testId="e77571f0-a76a-b76a-e90c-b1bb09a4a250" testName="UpdateStatusAndPriority_01 (0,,2022-11-01,Risk,Risk,High)" computerName="fv-az366-82" duration="00:00:00.0000059" startTime="2023-11-27T03:12:03.2560604+00:00" endTime="2023-11-27T03:12:03.2561514+00:00" testType="13cdc9d9-ddb5-4fa4-a97d-d965ccfc6d4b" outcome="Passed" testListId="8c84fa94-04c1-424b-9868-57a2d4851a1d" relativeResultsDirectory="e1022875-4256-43d4-91d8-3809d6645794" />
    <UnitTestResult executionId="e8e78069-f2a7-4353-991a-62b674817ca3" testId="a5f1adf4-187a-1f85-8396-c68061e7d54a" testName="EventKmWithScheduling_01" computerName="fv-az366-82" duration="00:00:00.0052027" startTime="2023-11-27T03:12:03.1826281+00:00" endTime="2023-11-27T03:12:03.1879053+00:00" testType="13cdc9d9-ddb5-4fa4-a97d-d965ccfc6d4b" outcome="Failed" testListId="8c84fa94-04c1-424b-9868-57a2d4851a1d" relativeResultsDirectory="e8e78069-f2a7-4353-991a-62b674817ca3">
      <Output>
        <ErrorInfo>
          <Message>Assert.AreEqual failed. Expected:&lt;MAN_ScheduleMaintenance&gt;. Actual:&lt;(null)&gt;. </Message>
          <StackTrace>   at Mottu.Zika.Maintenance.Vehicle.Block.Business.Test.Services.GenerateEventsServiceTest.EventKmWithScheduling_01() in /home/runner/work/maintenance-vehicle-block/maintenance-vehicle-block/src/Mottu.Zika.Maintenance.Vehicle.Block.Business.Test/Services/GenerateEventsServiceTest.cs:line 679
</StackTrace>
        </ErrorInfo>
      </Output>
    </UnitTestResult>
    <UnitTestResult executionId="e7e05238-c500-4bf8-a89d-326f6a1081fe" testId="fd1f900f-8f45-2b52-efde-98024c535cc6" testName="CalcOdometerReviewIn_01 (0.9,1221.3,2779)" computerName="fv-az366-82" duration="00:00:00.0043419" startTime="2023-11-27T03:12:03.2303763+00:00" endTime="2023-11-27T03:12:03.2405329+00:00" testType="13cdc9d9-ddb5-4fa4-a97d-d965ccfc6d4b" outcome="Passed" testListId="8c84fa94-04c1-424b-9868-57a2d4851a1d" relativeResultsDirectory="e7e05238-c500-4bf8-a89d-326f6a1081fe">
      <Output>
        <StdOut>lastkmReview: 0.9, actualOdometer: 1221.3
Expected: 2779, Result: 2779</StdOut>
      </Output>
    </UnitTestResult>
    <UnitTestResult executionId="14c77e2c-0712-42bb-b55d-87175132362c" testId="c90be979-4a5f-d138-c566-884966fbee46" testName="CalcOdometerReviewIn_02 (0,2000,-1000)" computerName="fv-az366-82" duration="00:00:00.0000075" startTime="2023-11-27T03:12:03.2436181+00:00" endTime="2023-11-27T03:12:03.2436868+00:00" testType="13cdc9d9-ddb5-4fa4-a97d-d965ccfc6d4b" outcome="Passed" testListId="8c84fa94-04c1-424b-9868-57a2d4851a1d" relativeResultsDirectory="14c77e2c-0712-42bb-b55d-87175132362c">
      <Output>
        <StdOut>lastkmReview: 0, actualOdometer: 2000
Expected: -1000, Result: -1000</StdOut>
      </Output>
    </UnitTestResult>
    <UnitTestResult executionId="5c4ee899-78d4-411a-9412-325e46877464" testId="3c30b7b2-7263-72b1-e4e1-380b7bb50941" testName="Do not send fine because user has scheduling" computerName="fv-az366-82" duration="00:00:00.0166426" startTime="2023-11-27T03:12:00.4674545+00:00" endTime="2023-11-27T03:12:00.4674546+00:00" testType="13cdc9d9-ddb5-4fa4-a97d-d965ccfc6d4b" outcome="Passed" testListId="8c84fa94-04c1-424b-9868-57a2d4851a1d" relativeResultsDirectory="5c4ee899-78d4-411a-9412-325e46877464" />
    <UnitTestResult executionId="0a11571c-2d20-42ba-b9cf-43b8ad7bd4d0" testId="bdefde53-5cc7-db48-8355-782bb7746a31" testName="CalcOdometerReviewIn_02 (0,9000,-8000)" computerName="fv-az366-82" duration="00:00:00.0000107" startTime="2023-11-27T03:12:03.2435384+00:00" endTime="2023-11-27T03:12:03.2436034+00:00" testType="13cdc9d9-ddb5-4fa4-a97d-d965ccfc6d4b" outcome="Passed" testListId="8c84fa94-04c1-424b-9868-57a2d4851a1d" relativeResultsDirectory="0a11571c-2d20-42ba-b9cf-43b8ad7bd4d0">
      <Output>
        <StdOut>lastkmReview: 0, actualOdometer: 9000
Expected: -8000, Result: -8000</StdOut>
      </Output>
    </UnitTestResult>
    <UnitTestResult executionId="ba37906b-5926-4391-a747-6c0375783e02" testId="bd9dd18b-f455-06a5-83c7-a73cee74aaeb" testName="Get per-user id scheduling limits" computerName="fv-az366-82" duration="00:00:00.0078841" startTime="2023-11-27T03:12:00.4505516+00:00" endTime="2023-11-27T03:12:00.4505517+00:00" testType="13cdc9d9-ddb5-4fa4-a97d-d965ccfc6d4b" outcome="Passed" testListId="8c84fa94-04c1-424b-9868-57a2d4851a1d" relativeResultsDirectory="ba37906b-5926-4391-a747-6c0375783e02" />
    <UnitTestResult executionId="a431a3a6-2753-4f73-80cf-6ff48123ee1b" testId="9e58cb41-366c-7a01-f71b-6e73fad0d6c1" testName="EventReviewMissing_NullReference_03" computerName="fv-az366-82" duration="00:00:00.0011630" startTime="2023-11-27T03:12:03.1983490+00:00" endTime="2023-11-27T03:12:03.1995974+00:00" testType="13cdc9d9-ddb5-4fa4-a97d-d965ccfc6d4b" outcome="Passed" testListId="8c84fa94-04c1-424b-9868-57a2d4851a1d" relativeResultsDirectory="a431a3a6-2753-4f73-80cf-6ff48123ee1b" />
    <UnitTestResult executionId="43f9e9ff-3d40-4305-be75-974d9a3d287b" testId="0ac1e11b-c437-04cb-6592-6a3bddff13d5" testName="Success when updating communicationEventLog" computerName="fv-az366-82" duration="00:00:00.0185493" startTime="2023-11-27T03:12:01.1480019+00:00" endTime="2023-11-27T03:12:01.1480020+00:00" testType="13cdc9d9-ddb5-4fa4-a97d-d965ccfc6d4b" outcome="Passed" testListId="8c84fa94-04c1-424b-9868-57a2d4851a1d" relativeResultsDirectory="43f9e9ff-3d40-4305-be75-974d9a3d287b" />
    <UnitTestResult executionId="a1db1d54-9417-432d-8acb-31c8a3a63ed9" testId="69476b76-e9cd-e376-9880-a4f68b2a9028" testName="ExcessFine_BillingConfigCreateAt_05" computerName="fv-az366-82" duration="00:00:00.0041667" startTime="2023-11-27T03:12:03.2119777+00:00" endTime="2023-11-27T03:12:03.2162242+00:00" testType="13cdc9d9-ddb5-4fa4-a97d-d965ccfc6d4b" outcome="Passed" testListId="8c84fa94-04c1-424b-9868-57a2d4851a1d" relativeResultsDirectory="a1db1d54-9417-432d-8acb-31c8a3a63ed9" />
    <UnitTestResult executionId="c15c0e37-59f3-4ec8-b1bd-7d5ac2f51165" testId="9b63c73b-889e-744e-5a19-bfa0a3f46648" testName="Do not send the vehicle exchange fine is not found the information of the incoming and outgoing vehicle by id" computerName="fv-az366-82" duration="00:00:00.0200513" startTime="2023-11-27T03:12:00.4877851+00:00" endTime="2023-11-27T03:12:00.4877851+00:00" testType="13cdc9d9-ddb5-4fa4-a97d-d965ccfc6d4b" outcome="Passed" testListId="8c84fa94-04c1-424b-9868-57a2d4851a1d" relativeResultsDirectory="c15c0e37-59f3-4ec8-b1bd-7d5ac2f51165" />
    <UnitTestResult executionId="99105771-bb98-4a38-a8c7-51023a040c9e" testId="e273a985-d7b8-813f-5cc6-af894c1f0b31" testName="UpdateStatusAndPriority_01 (1,,2022-11-01,Risk,Risk,High)" computerName="fv-az366-82" duration="00:00:00.0000064" startTime="2023-11-27T03:12:03.2559525+00:00" endTime="2023-11-27T03:12:03.2560460+00:00" testType="13cdc9d9-ddb5-4fa4-a97d-d965ccfc6d4b" outcome="Passed" testListId="8c84fa94-04c1-424b-9868-57a2d4851a1d" relativeResultsDirectory="99105771-bb98-4a38-a8c7-51023a040c9e" />
    <UnitTestResult executionId="0cd5485b-ac00-4ed4-88e5-87a9ccb3c702" testId="3b597090-2134-4395-c87a-711d77f14171" testName="Delete event successfully" computerName="fv-az366-82" duration="00:00:00.0225991" startTime="2023-11-27T03:12:00.8719521+00:00" endTime="2023-11-27T03:12:00.8719522+00:00" testType="13cdc9d9-ddb5-4fa4-a97d-d965ccfc6d4b" outcome="Passed" testListId="8c84fa94-04c1-424b-9868-57a2d4851a1d" relativeResultsDirectory="0cd5485b-ac00-4ed4-88e5-87a9ccb3c702" />
    <UnitTestResult executionId="bb556361-f89d-4117-90c0-87326f2c6c79" testId="717b0737-6b94-5740-1259-81637ba8f6a4" testName="UpdateStatusAndPriority_01 (200,,2022-11-01,Risk,Risk,High)" computerName="fv-az366-82" duration="00:00:00.0000116" startTime="2023-11-27T03:12:03.2556715+00:00" endTime="2023-11-27T03:12:03.2558133+00:00" testType="13cdc9d9-ddb5-4fa4-a97d-d965ccfc6d4b" outcome="Passed" testListId="8c84fa94-04c1-424b-9868-57a2d4851a1d" relativeResultsDirectory="bb556361-f89d-4117-90c0-87326f2c6c79" />
    <UnitTestResult executionId="67f07588-2c99-4731-b4b8-33069b2b0786" testId="d27240ad-4fd0-1e34-5864-867882bfa3a7" testName="UpdateStatusAndPriority_01 (0,,,Risk,Risk,High)" computerName="fv-az366-82" duration="00:00:00.0000053" startTime="2023-11-27T03:12:03.2512067+00:00" endTime="2023-11-27T03:12:03.2513144+00:00" testType="13cdc9d9-ddb5-4fa4-a97d-d965ccfc6d4b" outcome="Passed" testListId="8c84fa94-04c1-424b-9868-57a2d4851a1d" relativeResultsDirectory="67f07588-2c99-4731-b4b8-33069b2b0786" />
    <UnitTestResult executionId="7cd888b1-545c-4260-8353-dbdee91ee595" testId="668a6cd3-7b6c-cf17-7be4-d4fb3266e4c2" testName="UpdateStatusAndPriority_01 (-1,,2022-11-01,Blocked,Blocked,High)" computerName="fv-az366-82" duration="00:00:00.0000058" startTime="2023-11-27T03:12:03.2561671+00:00" endTime="2023-11-27T03:12:03.2562565+00:00" testType="13cdc9d9-ddb5-4fa4-a97d-d965ccfc6d4b" outcome="Passed" testListId="8c84fa94-04c1-424b-9868-57a2d4851a1d" relativeResultsDirectory="7cd888b1-545c-4260-8353-dbdee91ee595" />
    <UnitTestResult executionId="958cdcd9-5362-4dfe-9258-01eba2e0c7bb" testId="a2313822-9ff0-8ab9-77a2-84c83d98f4e2" testName="UpdateStatusAndPriority_01 (1500,,2022-11-01,Warning,Warning,Normal)" computerName="fv-az366-82" duration="00:00:00.0000058" startTime="2023-11-27T03:12:03.2518697+00:00" endTime="2023-11-27T03:12:03.2519603+00:00" testType="13cdc9d9-ddb5-4fa4-a97d-d965ccfc6d4b" outcome="Passed" testListId="8c84fa94-04c1-424b-9868-57a2d4851a1d" relativeResultsDirectory="958cdcd9-5362-4dfe-9258-01eba2e0c7bb" />
    <UnitTestResult executionId="43505891-2516-4db5-aac3-ff939878431b" testId="290772ca-6876-f5ff-0445-f9a2cde23524" testName="UpdateStatusAndPriority_01 (1,,,Risk,Risk,High)" computerName="fv-az366-82" duration="00:00:00.0000064" startTime="2023-11-27T03:12:03.2510831+00:00" endTime="2023-11-27T03:12:03.2511897+00:00" testType="13cdc9d9-ddb5-4fa4-a97d-d965ccfc6d4b" outcome="Passed" testListId="8c84fa94-04c1-424b-9868-57a2d4851a1d" relativeResultsDirectory="43505891-2516-4db5-aac3-ff939878431b" />
    <UnitTestResult executionId="233377ea-32f9-4ac9-9903-7f512ac76396" testId="6bbc6991-6771-f93e-6bbd-49efb5ac1339" testName="EventReviewMissing_NullReference_02" computerName="fv-az366-82" duration="00:00:00.0012084" startTime="2023-11-27T03:12:03.1970126+00:00" endTime="2023-11-27T03:12:03.1983194+00:00" testType="13cdc9d9-ddb5-4fa4-a97d-d965ccfc6d4b" outcome="Passed" testListId="8c84fa94-04c1-424b-9868-57a2d4851a1d" relativeResultsDirectory="233377ea-32f9-4ac9-9903-7f512ac76396" />
    <UnitTestResult executionId="1fb5841a-bc44-4fa2-9d47-440b578c6b4c" testId="0a902d48-c4d7-d36b-aea4-4ae6e604e241" testName="ExcessFine_Existing_01" computerName="fv-az366-82" duration="00:00:00.0011520" startTime="2023-11-27T03:12:03.2176740+00:00" endTime="2023-11-27T03:12:03.2188969+00:00" testType="13cdc9d9-ddb5-4fa4-a97d-d965ccfc6d4b" outcome="Passed" testListId="8c84fa94-04c1-424b-9868-57a2d4851a1d" relativeResultsDirectory="1fb5841a-bc44-4fa2-9d47-440b578c6b4c" />
    <UnitTestResult executionId="7605d0c9-d83e-4d81-931f-cfc43abd732e" testId="f672c438-7f10-71b7-f2d8-5de357655125" testName="Fail when try to change the maintenance to mandatory" computerName="fv-az366-82" duration="00:00:00.0135151" startTime="2023-11-27T03:12:01.1741061+00:00" endTime="2023-11-27T03:12:01.1741063+00:00" testType="13cdc9d9-ddb5-4fa4-a97d-d965ccfc6d4b" outcome="Failed" testListId="8c84fa94-04c1-424b-9868-57a2d4851a1d" relativeResultsDirectory="7605d0c9-d83e-4d81-931f-cfc43abd732e">
      <Output>
        <ErrorInfo>
          <Message>Assert.Throws() Failure: Exception type was not an exact match
Expected: typeof(System.Exception)
Actual:   typeof(System.NullReferenceException)
---- System.NullReferenceException : Object reference not set to an instance of an object.</Message>
          <StackTrace>   at Mottu.Zika.Maintenance.Vehicle.Block.Business.Test.Services.MaintenanceEventsServiceTests.ReceiveMessage_ErrorAtChangingMaintenanceResponseNull() in /home/runner/work/maintenance-vehicle-block/maintenance-vehicle-block/src/Mottu.Zika.Maintenance.Vehicle.Block.Business.Test/Services/MaintenanceEventsServiceTests.cs:line 91
--- End of stack trace from previous location ---
----- Inner Stack Trace -----
   at Mottu.Zika.Maintenance.Vehicle.Block.Business.Services.MaintenanceEventsQueueService.UpdateVehicleFromMaintenanceQueue(MaintenanceEventQueue maintenanceFromQueue) in /home/runner/work/maintenance-vehicle-block/maintenance-vehicle-block/src/Mottu.Zika.Maintenance.Vehicle.Block.Business/Services/MaintenanceEventsQueueService.cs:line 57</StackTrace>
        </ErrorInfo>
      </Output>
    </UnitTestResult>
    <UnitTestResult executionId="2b978476-7800-4140-b8dc-211661e1e50a" testId="0f02b24d-58f4-a3ee-5a10-ea28925e466a" testName="CalcOdometerReviewIn_01 (0,0,4000)" computerName="fv-az366-82" duration="00:00:00.0000200" startTime="2023-11-27T03:12:03.2405689+00:00" endTime="2023-11-27T03:12:03.2407327+00:00" testType="13cdc9d9-ddb5-4fa4-a97d-d965ccfc6d4b" outcome="Passed" testListId="8c84fa94-04c1-424b-9868-57a2d4851a1d" relativeResultsDirectory="2b978476-7800-4140-b8dc-211661e1e50a">
      <Output>
        <StdOut>lastkmReview: 0, actualOdometer: 0
Expected: 4000, Result: 4000</StdOut>
      </Output>
    </UnitTestResult>
    <UnitTestResult executionId="3351c3dc-08df-4c9c-9e63-2d3c9e74dfdd" testId="afc20e01-4250-965d-b815-294f06c74c84" testName="UpdateStatusAndPriority_01 (1000,,,Ok,Ok,Normal)" computerName="fv-az366-82" duration="00:00:00.0000073" startTime="2023-11-27T03:12:03.2485651+00:00" endTime="2023-11-27T03:12:03.2487238+00:00" testType="13cdc9d9-ddb5-4fa4-a97d-d965ccfc6d4b" outcome="Passed" testListId="8c84fa94-04c1-424b-9868-57a2d4851a1d" relativeResultsDirectory="3351c3dc-08df-4c9c-9e63-2d3c9e74dfdd" />
    <UnitTestResult executionId="779a9278-3c13-41ae-83b7-3ee1ff12499a" testId="6a488549-904f-d92d-07cc-1a1e8c24815d" testName="CalcOdometerReviewIn_02 (0,455,545)" computerName="fv-az366-82" duration="00:00:00.0000083" startTime="2023-11-27T03:12:03.2434510+00:00" endTime="2023-11-27T03:12:03.2435217+00:00" testType="13cdc9d9-ddb5-4fa4-a97d-d965ccfc6d4b" outcome="Passed" testListId="8c84fa94-04c1-424b-9868-57a2d4851a1d" relativeResultsDirectory="779a9278-3c13-41ae-83b7-3ee1ff12499a">
      <Output>
        <StdOut>lastkmReview: 0, actualOdometer: 455
Expected: 545, Result: 545</StdOut>
      </Output>
    </UnitTestResult>
    <UnitTestResult executionId="5e256ef7-b868-41ca-9cde-4343dbb63c83" testId="2c13becb-4a79-0dc4-d99e-c20910387dcc" testName="GenerateSchedulingRequestUrl_WithNullStartTime_ReturnsValidUrlWithoutTimeParam" computerName="fv-az366-82" duration="00:00:00.0008615" startTime="2023-11-27T03:12:03.2284519+00:00" endTime="2023-11-27T03:12:03.2294193+00:00" testType="13cdc9d9-ddb5-4fa4-a97d-d965ccfc6d4b" outcome="Passed" testListId="8c84fa94-04c1-424b-9868-57a2d4851a1d" relativeResultsDirectory="5e256ef7-b868-41ca-9cde-4343dbb63c83" />
    <UnitTestResult executionId="0e072117-9dc0-455c-a952-36eb9f4c87ad" testId="9e4b21ab-3c51-e6d7-cd03-828dbe2c196f" testName="UpdateStatusAndPriority_01 (600,,,Ok,Ok,Normal)" computerName="fv-az366-82" duration="00:00:00.0000038" startTime="2023-11-27T03:12:03.2490547+00:00" endTime="2023-11-27T03:12:03.2491377+00:00" testType="13cdc9d9-ddb5-4fa4-a97d-d965ccfc6d4b" outcome="Passed" testListId="8c84fa94-04c1-424b-9868-57a2d4851a1d" relativeResultsDirectory="0e072117-9dc0-455c-a952-36eb9f4c87ad" />
    <UnitTestResult executionId="6562375a-d18f-4ed3-a585-7a9721ce022b" testId="4cb1e40b-1e31-5b18-6754-b48bb6b0b3f8" testName="EventWarnScheduling_05" computerName="fv-az366-82" duration="00:00:00.0011405" startTime="2023-11-27T03:12:03.1445853+00:00" endTime="2023-11-27T03:12:03.1458511+00:00" testType="13cdc9d9-ddb5-4fa4-a97d-d965ccfc6d4b" outcome="Passed" testListId="8c84fa94-04c1-424b-9868-57a2d4851a1d" relativeResultsDirectory="6562375a-d18f-4ed3-a585-7a9721ce022b" />
    <UnitTestResult executionId="74e514cf-0467-4a7b-9ca0-faa398de2a61" testId="7fbf0860-6614-2f93-8983-0e324be50eb6" testName="Delete events(qunatityEvents: 11551, affectedsRow: 100)" computerName="fv-az366-82" duration="00:00:00.2625369" startTime="2023-11-27T03:11:59.9888654+00:00" endTime="2023-11-27T03:11:59.9889034+00:00" testType="13cdc9d9-ddb5-4fa4-a97d-d965ccfc6d4b" outcome="Passed" testListId="8c84fa94-04c1-424b-9868-57a2d4851a1d" relativeResultsDirectory="74e514cf-0467-4a7b-9ca0-faa398de2a61" />
    <UnitTestResult executionId="a8063ce6-e141-49de-bdf7-23d6e3f6e24e" testId="7e3f4329-6238-a7f1-052b-b6cb5be962bf" testName="Do not send the fine if the incoming vehicle does not have a maintenance review date" computerName="fv-az366-82" duration="00:00:00.0121495" startTime="2023-11-27T03:12:00.4424146+00:00" endTime="2023-11-27T03:12:00.4424147+00:00" testType="13cdc9d9-ddb5-4fa4-a97d-d965ccfc6d4b" outcome="Passed" testListId="8c84fa94-04c1-424b-9868-57a2d4851a1d" relativeResultsDirectory="a8063ce6-e141-49de-bdf7-23d6e3f6e24e" />
    <UnitTestResult executionId="fc22c551-b6d5-429a-b44a-9a56afe0054e" testId="a8141121-ab07-11b2-e72c-ac304228d0df" testName="UpdateStatusAndPriority_01 (1500,,,Ok,Ok,Normal)" computerName="fv-az366-82" duration="00:00:00.0000041" startTime="2023-11-27T03:12:03.2479371+00:00" endTime="2023-11-27T03:12:03.2480226+00:00" testType="13cdc9d9-ddb5-4fa4-a97d-d965ccfc6d4b" outcome="Passed" testListId="8c84fa94-04c1-424b-9868-57a2d4851a1d" relativeResultsDirectory="fc22c551-b6d5-429a-b44a-9a56afe0054e" />
    <UnitTestResult executionId="d60a50ce-77d4-4b34-9a13-4875a307018a" testId="d99e647f-643a-4300-cd13-3c25bb1bd6ef" testName="Success when updating communicationEventLog" computerName="fv-az366-82" duration="00:00:00.0117422" startTime="2023-11-27T03:12:01.1291478+00:00" endTime="2023-11-27T03:12:01.1291479+00:00" testType="13cdc9d9-ddb5-4fa4-a97d-d965ccfc6d4b" outcome="Passed" testListId="8c84fa94-04c1-424b-9868-57a2d4851a1d" relativeResultsDirectory="d60a50ce-77d4-4b34-9a13-4875a307018a" />
    <UnitTestResult executionId="fbf363e7-3696-412b-bf37-978cf47b0313" testId="1c06603c-68ae-b822-70e2-19b014440d97" testName="EventReviewReschedule_01" computerName="fv-az366-82" duration="00:00:00.0215232" startTime="2023-11-27T03:12:03.1458824+00:00" endTime="2023-11-27T03:12:03.1679498+00:00" testType="13cdc9d9-ddb5-4fa4-a97d-d965ccfc6d4b" outcome="Failed" testListId="8c84fa94-04c1-424b-9868-57a2d4851a1d" relativeResultsDirectory="fbf363e7-3696-412b-bf37-978cf47b0313">
      <Output>
        <ErrorInfo>
          <Message>Assert.AreEqual failed. Expected:&lt;MAN_RescheduleMaintenance&gt;. Actual:&lt;(null)&gt;. </Message>
          <StackTrace>   at Mottu.Zika.Maintenance.Vehicle.Block.Business.Test.Services.GenerateEventsServiceTest.EventReviewReschedule_01() in /home/runner/work/maintenance-vehicle-block/maintenance-vehicle-block/src/Mottu.Zika.Maintenance.Vehicle.Block.Business.Test/Services/GenerateEventsServiceTest.cs:line 448
</StackTrace>
        </ErrorInfo>
      </Output>
    </UnitTestResult>
    <UnitTestResult executionId="eade4516-0b0b-4be8-a409-0b8a8a99102a" testId="05bb93d7-9fd9-267b-151d-1740e7fb4feb" testName="Generate an exception because the userCode couldn't be less or equal 0(userCode: -1, vehicleCode: 1, vehiclePlate: &quot;&quot;)" computerName="fv-az366-82" duration="00:00:00.0185274" startTime="2023-11-27T03:12:00.9279122+00:00" endTime="2023-11-27T03:12:00.9279123+00:00" testType="13cdc9d9-ddb5-4fa4-a97d-d965ccfc6d4b" outcome="Passed" testListId="8c84fa94-04c1-424b-9868-57a2d4851a1d" relativeResultsDirectory="eade4516-0b0b-4be8-a409-0b8a8a99102a" />
    <UnitTestResult executionId="584a309f-5c5d-4940-ac15-aa2672d2688f" testId="c120fc44-c675-afa0-de26-e03e2f3d004d" testName="UpdateStatusAndPriority_01 (399,,,Warning,Warning,Normal)" computerName="fv-az366-82" duration="00:00:00.0000062" startTime="2023-11-27T03:12:03.2496488+00:00" endTime="2023-11-27T03:12:03.2497617+00:00" testType="13cdc9d9-ddb5-4fa4-a97d-d965ccfc6d4b" outcome="Passed" testListId="8c84fa94-04c1-424b-9868-57a2d4851a1d" relativeResultsDirectory="584a309f-5c5d-4940-ac15-aa2672d2688f" />
    <UnitTestResult executionId="1e641956-e17e-4d4c-94ed-271a0da8ee18" testId="3e9c3905-ae31-1d36-b8f2-1aa2c4323b0e" testName="EventKmWithoutScheduling_02" computerName="fv-az366-82" duration="00:00:00.0011651" startTime="2023-11-27T03:12:03.1776269+00:00" endTime="2023-11-27T03:12:03.1789027+00:00" testType="13cdc9d9-ddb5-4fa4-a97d-d965ccfc6d4b" outcome="Passed" testListId="8c84fa94-04c1-424b-9868-57a2d4851a1d" relativeResultsDirectory="1e641956-e17e-4d4c-94ed-271a0da8ee18" />
    <UnitTestResult executionId="9a4451f0-5fc2-4613-8f84-f0ba1bfeb475" testId="eb08549b-68c3-67c0-5125-5207998efb1e" testName="UpdateStatusAndPriority_01 (800,,,Ok,Ok,Normal)" computerName="fv-az366-82" duration="00:00:00.0000040" startTime="2023-11-27T03:12:03.2488572+00:00" endTime="2023-11-27T03:12:03.2489417+00:00" testType="13cdc9d9-ddb5-4fa4-a97d-d965ccfc6d4b" outcome="Passed" testListId="8c84fa94-04c1-424b-9868-57a2d4851a1d" relativeResultsDirectory="9a4451f0-5fc2-4613-8f84-f0ba1bfeb475" />
    <UnitTestResult executionId="4d4d5a47-b14c-416d-9a58-1728ff1ae1a1" testId="fe89c6b3-2b17-14a9-77f2-08a3634340e5" testName="UpdateStatusAndPriority_01 (100,,2022-11-01,Risk,Risk,High)" computerName="fv-az366-82" duration="00:00:00.0000072" startTime="2023-11-27T03:12:03.2558365+00:00" endTime="2023-11-27T03:12:03.2559364+00:00" testType="13cdc9d9-ddb5-4fa4-a97d-d965ccfc6d4b" outcome="Passed" testListId="8c84fa94-04c1-424b-9868-57a2d4851a1d" relativeResultsDirectory="4d4d5a47-b14c-416d-9a58-1728ff1ae1a1" />
    <UnitTestResult executionId="95f31079-094d-4879-b3f7-c92196de804d" testId="30253833-59f9-4640-4b01-e3aa4d46b99b" testName="UpdateStatusAndPriority_01 (200,,,Warning,Warning,Normal)" computerName="fv-az366-82" duration="00:00:00.0002216" startTime="2023-11-27T03:12:03.2503975+00:00" endTime="2023-11-27T03:12:03.2507430+00:00" testType="13cdc9d9-ddb5-4fa4-a97d-d965ccfc6d4b" outcome="Failed" testListId="8c84fa94-04c1-424b-9868-57a2d4851a1d" relativeResultsDirectory="95f31079-094d-4879-b3f7-c92196de804d">
      <Output>
        <ErrorInfo>
          <Message>Assert.AreEqual failed. Expected:&lt;Warning&gt;. Actual:&lt;Danger&gt;. </Message>
          <StackTrace>   at Mottu.Zika.Maintenance.Vehicle.Block.Business.Test.Services.UpdateMaintenanceVehiclesInfoServiceTest.UpdateStatusAndPriority_01(Int32 odometerReviewIn, String _schedulingActiveAt, String _maintenanceReviewAt, StatusReviewInfo expectedUserStatus, StatusReviewInfo expectedVehicleStatus, PriorityBlockInfo expectedPriority) in /home/runner/work/maintenance-vehicle-block/maintenance-vehicle-block/src/Mottu.Zika.Maintenance.Vehicle.Block.Business.Test/Services/UpdateMaintenanceVehiclesInfoServiceTest.cs:line 128
</StackTrace>
        </ErrorInfo>
      </Output>
    </UnitTestResult>
    <UnitTestResult executionId="535774fb-e167-46a7-b8b7-d43f7d30d28b" testId="982d058b-24c4-0320-a7c5-5c99afca1f17" testName="EventWarnScheduling_01" computerName="fv-az366-82" duration="00:00:00.0935131" startTime="2023-11-27T03:12:03.0162508+00:00" endTime="2023-11-27T03:12:03.1353403+00:00" testType="13cdc9d9-ddb5-4fa4-a97d-d965ccfc6d4b" outcome="Passed" testListId="8c84fa94-04c1-424b-9868-57a2d4851a1d" relativeResultsDirectory="535774fb-e167-46a7-b8b7-d43f7d30d28b" />
    <UnitTestResult executionId="417e38f4-6fd2-42c9-ad8d-de4987fd3420" testId="1580ecb8-1d34-87f4-0b0d-8e9ccf70bf5b" testName="The result must to be null when the Maintenances Reviews do not be found" computerName="fv-az366-82" duration="00:00:00.0184258" startTime="2023-11-27T03:12:00.9466641+00:00" endTime="2023-11-27T03:12:00.9466642+00:00" testType="13cdc9d9-ddb5-4fa4-a97d-d965ccfc6d4b" outcome="Passed" testListId="8c84fa94-04c1-424b-9868-57a2d4851a1d" relativeResultsDirectory="417e38f4-6fd2-42c9-ad8d-de4987fd3420" />
    <UnitTestResult executionId="f6bcfb47-97ff-4782-8558-6ba248036243" testId="0fe1d6ce-12f0-840d-011e-53ff5eeec1d6" testName="CalcOdometerReviewIn_01 (5000,9000,0)" computerName="fv-az366-82" duration="00:00:00.0000088" startTime="2023-11-27T03:12:03.2407545+00:00" endTime="2023-11-27T03:12:03.2408242+00:00" testType="13cdc9d9-ddb5-4fa4-a97d-d965ccfc6d4b" outcome="Passed" testListId="8c84fa94-04c1-424b-9868-57a2d4851a1d" relativeResultsDirectory="f6bcfb47-97ff-4782-8558-6ba248036243">
      <Output>
        <StdOut>lastkmReview: 5000, actualOdometer: 9000
Expected: 0, Result: 0</StdOut>
      </Output>
    </UnitTestResult>
    <UnitTestResult executionId="bfb5fd00-1b4c-4868-a3b2-a92fa7410ea6" testId="cfb7db48-f9ca-9fbe-e4f4-8faf7a24ca7c" testName="EventKmWithoutScheduling_01" computerName="fv-az366-82" duration="00:00:00.0084892" startTime="2023-11-27T03:12:03.1690026+00:00" endTime="2023-11-27T03:12:03.1775884+00:00" testType="13cdc9d9-ddb5-4fa4-a97d-d965ccfc6d4b" outcome="Passed" testListId="8c84fa94-04c1-424b-9868-57a2d4851a1d" relativeResultsDirectory="bfb5fd00-1b4c-4868-a3b2-a92fa7410ea6" />
    <UnitTestResult executionId="3e0741aa-ea4c-473d-8378-9d9d2e7d0e81" testId="819cc8ca-f372-b629-3407-7b88ec991598" testName="Do not get events if paginate params is negative numbers(cultureInfo: &quot;us&quot;)" computerName="fv-az366-82" duration="00:00:00.0057917" startTime="2023-11-27T03:12:00.8452100+00:00" endTime="2023-11-27T03:12:00.8452101+00:00" testType="13cdc9d9-ddb5-4fa4-a97d-d965ccfc6d4b" outcome="Failed" testListId="8c84fa94-04c1-424b-9868-57a2d4851a1d" relativeResultsDirectory="3e0741aa-ea4c-473d-8378-9d9d2e7d0e81">
      <Output>
        <ErrorInfo>
          <Message>System.NullReferenceException : Object reference not set to an instance of an object.</Message>
          <StackTrace>   at Mottu.Zika.Maintenance.Vehicle.Block.Business.Test.Handler.CommunicationEventLogHandlerTest.CommunicationEventLog_DoNotGetEvent_PageParamsInvalid(String cultureInfo) in /home/runner/work/maintenance-vehicle-block/maintenance-vehicle-block/src/Mottu.Zika.Maintenance.Vehicle.Block.Business.Test/Handler/CommunicationEventLogHandlerTest.cs:line 51
--- End of stack trace from previous location ---</StackTrace>
        </ErrorInfo>
      </Output>
    </UnitTestResult>
    <UnitTestResult executionId="410a1642-eedb-4809-bc35-be56d4106f64" testId="faf1bcec-c9c9-8c4c-65d7-764be98f01e5" testName="Delete events(qunatityEvents: -11150, affectedsRow: 100)" computerName="fv-az366-82" duration="00:00:00.0002759" startTime="2023-11-27T03:12:00.0019491+00:00" endTime="2023-11-27T03:12:00.0019492+00:00" testType="13cdc9d9-ddb5-4fa4-a97d-d965ccfc6d4b" outcome="Passed" testListId="8c84fa94-04c1-424b-9868-57a2d4851a1d" relativeResultsDirectory="410a1642-eedb-4809-bc35-be56d4106f64" />
    <UnitTestResult executionId="77bd41ac-06f3-4e37-be07-35dc6d64354f" testId="d466817b-5b1d-848c-217d-e0e705a6ab22" testName="Fail when consume message with user but it's not found any MaintenanceVehicleInfo" computerName="fv-az366-82" duration="00:00:00.0049382" startTime="2023-11-27T03:12:01.2358628+00:00" endTime="2023-11-27T03:12:01.2358630+00:00" testType="13cdc9d9-ddb5-4fa4-a97d-d965ccfc6d4b" outcome="Passed" testListId="8c84fa94-04c1-424b-9868-57a2d4851a1d" relativeResultsDirectory="77bd41ac-06f3-4e37-be07-35dc6d64354f" />
    <UnitTestResult executionId="5a634fb4-4ca4-4796-b50e-dbfb450f38d7" testId="0b95cfe2-6088-89e5-8930-4a6fa8d2858d" testName="UpdateStatusAndPriority_01 (399,,2022-11-01,Danger,Danger,High)" computerName="fv-az366-82" duration="00:00:00.0001710" startTime="2023-11-27T03:12:03.2545330+00:00" endTime="2023-11-27T03:12:03.2548212+00:00" testType="13cdc9d9-ddb5-4fa4-a97d-d965ccfc6d4b" outcome="Failed" testListId="8c84fa94-04c1-424b-9868-57a2d4851a1d" relativeResultsDirectory="5a634fb4-4ca4-4796-b50e-dbfb450f38d7">
      <Output>
        <ErrorInfo>
          <Message>Assert.AreEqual failed. Expected:&lt;Danger&gt;. Actual:&lt;Risk&gt;. </Message>
          <StackTrace>   at Mottu.Zika.Maintenance.Vehicle.Block.Business.Test.Services.UpdateMaintenanceVehiclesInfoServiceTest.UpdateStatusAndPriority_01(Int32 odometerReviewIn, String _schedulingActiveAt, String _maintenanceReviewAt, StatusReviewInfo expectedUserStatus, StatusReviewInfo expectedVehicleStatus, PriorityBlockInfo expectedPriority) in /home/runner/work/maintenance-vehicle-block/maintenance-vehicle-block/src/Mottu.Zika.Maintenance.Vehicle.Block.Business.Test/Services/UpdateMaintenanceVehiclesInfoServiceTest.cs:line 128
</StackTrace>
        </ErrorInfo>
      </Output>
    </UnitTestResult>
    <UnitTestResult executionId="05777a06-9d68-4588-9bfa-85ec4e45d7e4" testId="989bebf0-786a-03ee-1620-4fa3e5baf6ee" testName="Do not delete event if event not found in database(cultureInfo: &quot;us&quot;)" computerName="fv-az366-82" duration="00:00:00.1746682" startTime="2023-11-27T03:12:00.7679577+00:00" endTime="2023-11-27T03:12:00.7679578+00:00" testType="13cdc9d9-ddb5-4fa4-a97d-d965ccfc6d4b" outcome="Passed" testListId="8c84fa94-04c1-424b-9868-57a2d4851a1d" relativeResultsDirectory="05777a06-9d68-4588-9bfa-85ec4e45d7e4" />
    <UnitTestResult executionId="cfab8a1b-7036-4c08-a88a-923c4e3b455f" testId="06527da0-0f54-1ffa-346d-dbbecb6897e2" testName="UpdateStatusAndPriority_01 (600,,2022-11-01,Warning,Warning,Normal)" computerName="fv-az366-82" duration="00:00:00.0001720" startTime="2023-11-27T03:12:03.2536293+00:00" endTime="2023-11-27T03:12:03.2539109+00:00" testType="13cdc9d9-ddb5-4fa4-a97d-d965ccfc6d4b" outcome="Failed" testListId="8c84fa94-04c1-424b-9868-57a2d4851a1d" relativeResultsDirectory="cfab8a1b-7036-4c08-a88a-923c4e3b455f">
      <Output>
        <ErrorInfo>
          <Message>Assert.AreEqual failed. Expected:&lt;Warning&gt;. Actual:&lt;Danger&gt;. </Message>
          <StackTrace>   at Mottu.Zika.Maintenance.Vehicle.Block.Business.Test.Services.UpdateMaintenanceVehiclesInfoServiceTest.UpdateStatusAndPriority_01(Int32 odometerReviewIn, String _schedulingActiveAt, String _maintenanceReviewAt, StatusReviewInfo expectedUserStatus, StatusReviewInfo expectedVehicleStatus, PriorityBlockInfo expectedPriority) in /home/runner/work/maintenance-vehicle-block/maintenance-vehicle-block/src/Mottu.Zika.Maintenance.Vehicle.Block.Business.Test/Services/UpdateMaintenanceVehiclesInfoServiceTest.cs:line 128
</StackTrace>
        </ErrorInfo>
      </Output>
    </UnitTestResult>
    <UnitTestResult executionId="9bcab80b-9144-4f5a-8bae-f0d497bec367" testId="9ced153f-138b-60a0-9319-fbc7bce31fed" testName="GenerateSchedulingRequestUrl_WithEmptyUserIds_ReturnsValidUrlWithoutuserIds" computerName="fv-az366-82" duration="00:00:00.0010026" startTime="2023-11-27T03:12:03.2273368+00:00" endTime="2023-11-27T03:12:03.2284214+00:00" testType="13cdc9d9-ddb5-4fa4-a97d-d965ccfc6d4b" outcome="Passed" testListId="8c84fa94-04c1-424b-9868-57a2d4851a1d" relativeResultsDirectory="9bcab80b-9144-4f5a-8bae-f0d497bec367" />
    <UnitTestResult executionId="af06c229-0f37-405e-be5e-f5d2acce099c" testId="6a0db6d5-2650-7207-6988-14963f2b53e5" testName="Send fine with success" computerName="fv-az366-82" duration="00:00:00.1043172" startTime="2023-11-27T03:12:00.5924069+00:00" endTime="2023-11-27T03:12:00.5924070+00:00" testType="13cdc9d9-ddb5-4fa4-a97d-d965ccfc6d4b" outcome="Passed" testListId="8c84fa94-04c1-424b-9868-57a2d4851a1d" relativeResultsDirectory="af06c229-0f37-405e-be5e-f5d2acce099c" />
    <UnitTestResult executionId="3e83dd71-edc6-4584-9683-ab4e7717e1f1" testId="663296f7-cce7-7d8d-45aa-3b44309942ce" testName="EventReviewMissing_01" computerName="fv-az366-82" duration="00:00:00.0056067" startTime="2023-11-27T03:12:03.1894123+00:00" endTime="2023-11-27T03:12:03.1951079+00:00" testType="13cdc9d9-ddb5-4fa4-a97d-d965ccfc6d4b" outcome="Failed" testListId="8c84fa94-04c1-424b-9868-57a2d4851a1d" relativeResultsDirectory="3e83dd71-edc6-4584-9683-ab4e7717e1f1">
      <Output>
        <ErrorInfo>
          <Message>Assert.AreEqual failed. Expected:&lt;MAN_QuitMaintenance&gt;. Actual:&lt;(null)&gt;. </Message>
          <StackTrace>   at Mottu.Zika.Maintenance.Vehicle.Block.Business.Test.Services.GenerateEventsServiceTest.EventReviewMissing_01() in /home/runner/work/maintenance-vehicle-block/maintenance-vehicle-block/src/Mottu.Zika.Maintenance.Vehicle.Block.Business.Test/Services/GenerateEventsServiceTest.cs:line 848
</StackTrace>
        </ErrorInfo>
      </Output>
    </UnitTestResult>
    <UnitTestResult executionId="54bd59b5-56a0-410b-a9a6-028f52e683d3" testId="37eb7083-5c84-aead-9b23-2fb42a3c40f0" testName="Do not get events if paginate params is negative numbers(cultureInfo: &quot;pt-BR&quot;)" computerName="fv-az366-82" duration="00:00:00.0276989" startTime="2023-11-27T03:12:00.8445683+00:00" endTime="2023-11-27T03:12:00.8445684+00:00" testType="13cdc9d9-ddb5-4fa4-a97d-d965ccfc6d4b" outcome="Failed" testListId="8c84fa94-04c1-424b-9868-57a2d4851a1d" relativeResultsDirectory="54bd59b5-56a0-410b-a9a6-028f52e683d3">
      <Output>
        <ErrorInfo>
          <Message>System.NullReferenceException : Object reference not set to an instance of an object.</Message>
          <StackTrace>   at Mottu.Zika.Maintenance.Vehicle.Block.Business.Test.Handler.CommunicationEventLogHandlerTest.CommunicationEventLog_DoNotGetEvent_PageParamsInvalid(String cultureInfo) in /home/runner/work/maintenance-vehicle-block/maintenance-vehicle-block/src/Mottu.Zika.Maintenance.Vehicle.Block.Business.Test/Handler/CommunicationEventLogHandlerTest.cs:line 51
--- End of stack trace from previous location ---</StackTrace>
        </ErrorInfo>
      </Output>
    </UnitTestResult>
    <UnitTestResult executionId="ccd04332-2ddf-49d0-a59d-e3e390ccc5cb" testId="03fcb761-cd2f-2d9a-9c56-7f1723a265ec" testName="Getting a response when all ocurred by the right way" computerName="fv-az366-82" duration="00:00:00.0111038" startTime="2023-11-27T03:12:00.9580785+00:00" endTime="2023-11-27T03:12:00.9580786+00:00" testType="13cdc9d9-ddb5-4fa4-a97d-d965ccfc6d4b" outcome="Passed" testListId="8c84fa94-04c1-424b-9868-57a2d4851a1d" relativeResultsDirectory="ccd04332-2ddf-49d0-a59d-e3e390ccc5cb" />
    <UnitTestResult executionId="7251b1e3-244b-4472-a1a2-dd695edd0292" testId="73fe3188-59e0-c468-fb9d-7c321db001db" testName="EventKmWithoutScheduling_04" computerName="fv-az366-82" duration="00:00:00.0011240" startTime="2023-11-27T03:12:03.1801623+00:00" endTime="2023-11-27T03:12:03.1813764+00:00" testType="13cdc9d9-ddb5-4fa4-a97d-d965ccfc6d4b" outcome="Passed" testListId="8c84fa94-04c1-424b-9868-57a2d4851a1d" relativeResultsDirectory="7251b1e3-244b-4472-a1a2-dd695edd0292" />
    <UnitTestResult executionId="83f1fa1c-50e3-48b9-aeeb-892c76a144b4" testId="30856e18-03a5-9aa9-7b67-756123619c56" testName="EventWarnScheduling_02" computerName="fv-az366-82" duration="00:00:00.0012903" startTime="2023-11-27T03:12:03.1403911+00:00" endTime="2023-11-27T03:12:03.1418644+00:00" testType="13cdc9d9-ddb5-4fa4-a97d-d965ccfc6d4b" outcome="Passed" testListId="8c84fa94-04c1-424b-9868-57a2d4851a1d" relativeResultsDirectory="83f1fa1c-50e3-48b9-aeeb-892c76a144b4" />
    <UnitTestResult executionId="01192a2f-3fb3-491a-94c2-1e6778551b3c" testId="7588fe7d-42cc-abcc-5282-5f601a03c1de" testName="EventKmWithoutScheduling_03" computerName="fv-az366-82" duration="00:00:00.0011109" startTime="2023-11-27T03:12:03.1789403+00:00" endTime="2023-11-27T03:12:03.1801317+00:00" testType="13cdc9d9-ddb5-4fa4-a97d-d965ccfc6d4b" outcome="Passed" testListId="8c84fa94-04c1-424b-9868-57a2d4851a1d" relativeResultsDirectory="01192a2f-3fb3-491a-94c2-1e6778551b3c" />
    <UnitTestResult executionId="44a78857-fb12-4049-9b12-702f037dbf77" testId="ac7df4c1-fbee-6402-9b8d-7ffb58cc049b" testName="EventWarnScheduling_03" computerName="fv-az366-82" duration="00:00:00.0012214" startTime="2023-11-27T03:12:03.1419249+00:00" endTime="2023-11-27T03:12:03.1432636+00:00" testType="13cdc9d9-ddb5-4fa4-a97d-d965ccfc6d4b" outcome="Passed" testListId="8c84fa94-04c1-424b-9868-57a2d4851a1d" relativeResultsDirectory="44a78857-fb12-4049-9b12-702f037dbf77" />
    <UnitTestResult executionId="1d0b4cce-02db-41c9-b7c0-2cbd3fbc0074" testId="0a9bd7e5-1041-30dd-6c36-92d1eed16b00" testName="UpdateStatusAndPriority_01 (500,,2022-11-01,Warning,Warning,Normal)" computerName="fv-az366-82" duration="00:00:00.0001681" startTime="2023-11-27T03:12:03.2539344+00:00" endTime="2023-11-27T03:12:03.2542109+00:00" testType="13cdc9d9-ddb5-4fa4-a97d-d965ccfc6d4b" outcome="Failed" testListId="8c84fa94-04c1-424b-9868-57a2d4851a1d" relativeResultsDirectory="1d0b4cce-02db-41c9-b7c0-2cbd3fbc0074">
      <Output>
        <ErrorInfo>
          <Message>Assert.AreEqual failed. Expected:&lt;Warning&gt;. Actual:&lt;Danger&gt;. </Message>
          <StackTrace>   at Mottu.Zika.Maintenance.Vehicle.Block.Business.Test.Services.UpdateMaintenanceVehiclesInfoServiceTest.UpdateStatusAndPriority_01(Int32 odometerReviewIn, String _schedulingActiveAt, String _maintenanceReviewAt, StatusReviewInfo expectedUserStatus, StatusReviewInfo expectedVehicleStatus, PriorityBlockInfo expectedPriority) in /home/runner/work/maintenance-vehicle-block/maintenance-vehicle-block/src/Mottu.Zika.Maintenance.Vehicle.Block.Business.Test/Services/UpdateMaintenanceVehiclesInfoServiceTest.cs:line 128
</StackTrace>
        </ErrorInfo>
      </Output>
    </UnitTestResult>
    <UnitTestResult executionId="a3d2b36c-f06a-4512-b236-46a87c136257" testId="0813a073-49c2-1b4c-f7f2-f51c9e9a7246" testName="UpdateStatusAndPriority_01 (300,,,Warning,Warning,Normal)" computerName="fv-az366-82" duration="00:00:00.0000042" startTime="2023-11-27T03:12:03.2497782+00:00" endTime="2023-11-27T03:12:03.2498715+00:00" testType="13cdc9d9-ddb5-4fa4-a97d-d965ccfc6d4b" outcome="Passed" testListId="8c84fa94-04c1-424b-9868-57a2d4851a1d" relativeResultsDirectory="a3d2b36c-f06a-4512-b236-46a87c136257" />
    <UnitTestResult executionId="d589a5d2-a2a6-44a4-a496-74995758be08" testId="8c565da1-a454-1e8d-9e0b-54211919102e" testName="CreateFineMaintenanceExcess" computerName="fv-az366-82" duration="00:00:00.0701604" startTime="2023-11-27T03:12:01.0290995+00:00" endTime="2023-11-27T03:12:01.0290997+00:00" testType="13cdc9d9-ddb5-4fa4-a97d-d965ccfc6d4b" outcome="Passed" testListId="8c84fa94-04c1-424b-9868-57a2d4851a1d" relativeResultsDirectory="d589a5d2-a2a6-44a4-a496-74995758be08" />
    <UnitTestResult executionId="74815496-6d92-4f74-9e58-4b12d0897169" testId="8ff1048a-6e47-88ba-d98b-562dd091f177" testName="Delete events(qunatityEvents: 0, affectedsRow: 100)" computerName="fv-az366-82" duration="00:00:00.0002322" startTime="2023-11-27T03:12:00.0019769+00:00" endTime="2023-11-27T03:12:00.0019769+00:00" testType="13cdc9d9-ddb5-4fa4-a97d-d965ccfc6d4b" outcome="Passed" testListId="8c84fa94-04c1-424b-9868-57a2d4851a1d" relativeResultsDirectory="74815496-6d92-4f74-9e58-4b12d0897169" />
    <UnitTestResult executionId="adcce0e3-8c52-4e2f-9d68-eaf3e216fd80" testId="2cbec4f1-df05-d21d-67a1-8f9b8c4bbec0" testName="Do not delete event if event not found in database(cultureInfo: &quot;es-MX&quot;)" computerName="fv-az366-82" duration="00:00:00.0059366" startTime="2023-11-27T03:12:00.7845634+00:00" endTime="2023-11-27T03:12:00.7845636+00:00" testType="13cdc9d9-ddb5-4fa4-a97d-d965ccfc6d4b" outcome="Passed" testListId="8c84fa94-04c1-424b-9868-57a2d4851a1d" relativeResultsDirectory="adcce0e3-8c52-4e2f-9d68-eaf3e216fd80" />
    <UnitTestResult executionId="0c4111c5-76db-4ca8-bd76-d93ca64c8a2d" testId="d3d5f762-1ebd-fc0e-80d0-310a57e1d7c3" testName="Successfully emit events" computerName="fv-az366-82" duration="00:00:02.9839726" startTime="2023-11-27T03:12:02.7042454+00:00" endTime="2023-11-27T03:12:02.7042456+00:00" testType="13cdc9d9-ddb5-4fa4-a97d-d965ccfc6d4b" outcome="Passed" testListId="8c84fa94-04c1-424b-9868-57a2d4851a1d" relativeResultsDirectory="0c4111c5-76db-4ca8-bd76-d93ca64c8a2d" />
    <UnitTestResult executionId="a2bfe2e2-706a-4389-b2ae-108f4de1102d" testId="c39d5612-96c5-43ad-829d-0e0b9cc624df" testName="EventReviewCanceled_01" computerName="fv-az366-82" duration="00:00:00.0040605" startTime="2023-11-27T03:12:03.2020338+00:00" endTime="2023-11-27T03:12:03.2061930+00:00" testType="13cdc9d9-ddb5-4fa4-a97d-d965ccfc6d4b" outcome="Failed" testListId="8c84fa94-04c1-424b-9868-57a2d4851a1d" relativeResultsDirectory="a2bfe2e2-706a-4389-b2ae-108f4de1102d">
      <Output>
        <ErrorInfo>
          <Message>Assert.AreEqual failed. Expected:&lt;MAN_CancelMaintenance&gt;. Actual:&lt;(null)&gt;. </Message>
          <StackTrace>   at Mottu.Zika.Maintenance.Vehicle.Block.Business.Test.Services.GenerateEventsServiceTest.EventReviewCanceled_01() in /home/runner/work/maintenance-vehicle-block/maintenance-vehicle-block/src/Mottu.Zika.Maintenance.Vehicle.Block.Business.Test/Services/GenerateEventsServiceTest.cs:line 1186
</StackTrace>
        </ErrorInfo>
      </Output>
    </UnitTestResult>
    <UnitTestResult executionId="a82e55b3-44c7-42e0-bd8f-01fac74d2d10" testId="82114295-b6d3-8dfa-526c-0222dc15e34a" testName="EventKmWithScheduling_02" computerName="fv-az366-82" duration="00:00:00.0013710" startTime="2023-11-27T03:12:03.1879363+00:00" endTime="2023-11-27T03:12:03.1893817+00:00" testType="13cdc9d9-ddb5-4fa4-a97d-d965ccfc6d4b" outcome="Passed" testListId="8c84fa94-04c1-424b-9868-57a2d4851a1d" relativeResultsDirectory="a82e55b3-44c7-42e0-bd8f-01fac74d2d10" />
    <UnitTestResult executionId="3a8f8d74-4bdf-4a52-983a-ceb088168d7f" testId="e481325f-9951-bef7-745d-4460d64c150c" testName="UpdateStatusAndPriority_01 (700,,2022-11-01,Warning,Warning,Normal)" computerName="fv-az366-82" duration="00:00:00.0001752" startTime="2023-11-27T03:12:03.2533219+00:00" endTime="2023-11-27T03:12:03.2536060+00:00" testType="13cdc9d9-ddb5-4fa4-a97d-d965ccfc6d4b" outcome="Failed" testListId="8c84fa94-04c1-424b-9868-57a2d4851a1d" relativeResultsDirectory="3a8f8d74-4bdf-4a52-983a-ceb088168d7f">
      <Output>
        <ErrorInfo>
          <Message>Assert.AreEqual failed. Expected:&lt;Warning&gt;. Actual:&lt;Danger&gt;. </Message>
          <StackTrace>   at Mottu.Zika.Maintenance.Vehicle.Block.Business.Test.Services.UpdateMaintenanceVehiclesInfoServiceTest.UpdateStatusAndPriority_01(Int32 odometerReviewIn, String _schedulingActiveAt, String _maintenanceReviewAt, StatusReviewInfo expectedUserStatus, StatusReviewInfo expectedVehicleStatus, PriorityBlockInfo expectedPriority) in /home/runner/work/maintenance-vehicle-block/maintenance-vehicle-block/src/Mottu.Zika.Maintenance.Vehicle.Block.Business.Test/Services/UpdateMaintenanceVehiclesInfoServiceTest.cs:line 128
</StackTrace>
        </ErrorInfo>
      </Output>
    </UnitTestResult>
    <UnitTestResult executionId="f2035ed8-8a8f-4438-a01a-57f1409bf0ab" testId="664dd75d-b761-06ed-ae12-0f927c2e92fd" testName="UpdateStatusAndPriority_01 (5000,,2022-11-01,Ok,Ok,Normal)" computerName="fv-az366-82" duration="00:00:00.0000404" startTime="2023-11-27T03:12:03.2514356+00:00" endTime="2023-11-27T03:12:03.2516204+00:00" testType="13cdc9d9-ddb5-4fa4-a97d-d965ccfc6d4b" outcome="Passed" testListId="8c84fa94-04c1-424b-9868-57a2d4851a1d" relativeResultsDirectory="f2035ed8-8a8f-4438-a01a-57f1409bf0ab" />
    <UnitTestResult executionId="6afcf2f2-bdf9-450b-9113-38be8083ed36" testId="b5f6ad3f-be6c-ce72-00ba-01bd1d5421ef" testName="Fail when searching for by communication event" computerName="fv-az366-82" duration="00:00:00.0100335" startTime="2023-11-27T03:12:01.1844415+00:00" endTime="2023-11-27T03:12:01.1844416+00:00" testType="13cdc9d9-ddb5-4fa4-a97d-d965ccfc6d4b" outcome="Passed" testListId="8c84fa94-04c1-424b-9868-57a2d4851a1d" relativeResultsDirectory="6afcf2f2-bdf9-450b-9113-38be8083ed36" />
    <UnitTestResult executionId="c690cb63-e73f-481c-9822-bac370132567" testId="69750925-f385-9b1d-b89f-e8312ca6e522" testName="UpdateStatusAndPriority_01 (700,,,Ok,Ok,Normal)" computerName="fv-az366-82" duration="00:00:00.0000037" startTime="2023-11-27T03:12:03.2489559+00:00" endTime="2023-11-27T03:12:03.2490394+00:00" testType="13cdc9d9-ddb5-4fa4-a97d-d965ccfc6d4b" outcome="Passed" testListId="8c84fa94-04c1-424b-9868-57a2d4851a1d" relativeResultsDirectory="c690cb63-e73f-481c-9822-bac370132567" />
    <UnitTestResult executionId="0ed174a7-3f96-49ee-be3b-a318973c9f80" testId="2644a737-2680-d1b5-7d97-9a82988168e2" testName="UpdateStatusAndPriority_01 (400,,,Ok,Ok,Normal)" computerName="fv-az366-82" duration="00:00:00.0002859" startTime="2023-11-27T03:12:03.2492501+00:00" endTime="2023-11-27T03:12:03.2496220+00:00" testType="13cdc9d9-ddb5-4fa4-a97d-d965ccfc6d4b" outcome="Failed" testListId="8c84fa94-04c1-424b-9868-57a2d4851a1d" relativeResultsDirectory="0ed174a7-3f96-49ee-be3b-a318973c9f80">
      <Output>
        <ErrorInfo>
          <Message>Assert.AreEqual failed. Expected:&lt;Ok&gt;. Actual:&lt;Warning&gt;. </Message>
          <StackTrace>   at Mottu.Zika.Maintenance.Vehicle.Block.Business.Test.Services.UpdateMaintenanceVehiclesInfoServiceTest.UpdateStatusAndPriority_01(Int32 odometerReviewIn, String _schedulingActiveAt, String _maintenanceReviewAt, StatusReviewInfo expectedUserStatus, StatusReviewInfo expectedVehicleStatus, PriorityBlockInfo expectedPriority) in /home/runner/work/maintenance-vehicle-block/maintenance-vehicle-block/src/Mottu.Zika.Maintenance.Vehicle.Block.Business.Test/Services/UpdateMaintenanceVehiclesInfoServiceTest.cs:line 128
</StackTrace>
        </ErrorInfo>
      </Output>
    </UnitTestResult>
    <UnitTestResult executionId="5685eb14-decf-4ec9-b966-95242acba65f" testId="b9505912-c5e6-d78e-09b7-61f3084f46c4" testName="Do not send the fine if the odometer of the next review is greater than the minimum allowed" computerName="fv-az366-82" duration="00:00:00.2263433" startTime="2023-11-27T03:12:00.4300990+00:00" endTime="2023-11-27T03:12:00.4300990+00:00" testType="13cdc9d9-ddb5-4fa4-a97d-d965ccfc6d4b" outcome="Passed" testListId="8c84fa94-04c1-424b-9868-57a2d4851a1d" relativeResultsDirectory="5685eb14-decf-4ec9-b966-95242acba65f" />
    <UnitTestResult executionId="b48346f8-1234-43a4-83f0-43616ffce9c2" testId="95fd55e1-44c5-acfa-7ee0-5010861e6310" testName="EventWarnScheduling_04" computerName="fv-az366-82" duration="00:00:00.0011412" startTime="2023-11-27T03:12:03.1433073+00:00" endTime="2023-11-27T03:12:03.1445516+00:00" testType="13cdc9d9-ddb5-4fa4-a97d-d965ccfc6d4b" outcome="Passed" testListId="8c84fa94-04c1-424b-9868-57a2d4851a1d" relativeResultsDirectory="b48346f8-1234-43a4-83f0-43616ffce9c2" />
    <UnitTestResult executionId="bcb2d63d-cd7b-487e-a4ef-cbc3260ffba7" testId="43182c1b-7e6c-bdef-4193-29dd746f8b90" testName="UpdateStatusAndPriority_01 (100,,,Danger,Danger,High)" computerName="fv-az366-82" duration="00:00:00.0001789" startTime="2023-11-27T03:12:03.2507700+00:00" endTime="2023-11-27T03:12:03.2510578+00:00" testType="13cdc9d9-ddb5-4fa4-a97d-d965ccfc6d4b" outcome="Failed" testListId="8c84fa94-04c1-424b-9868-57a2d4851a1d" relativeResultsDirectory="bcb2d63d-cd7b-487e-a4ef-cbc3260ffba7">
      <Output>
        <ErrorInfo>
          <Message>Assert.AreEqual failed. Expected:&lt;Danger&gt;. Actual:&lt;Risk&gt;. </Message>
          <StackTrace>   at Mottu.Zika.Maintenance.Vehicle.Block.Business.Test.Services.UpdateMaintenanceVehiclesInfoServiceTest.UpdateStatusAndPriority_01(Int32 odometerReviewIn, String _schedulingActiveAt, String _maintenanceReviewAt, StatusReviewInfo expectedUserStatus, StatusReviewInfo expectedVehicleStatus, PriorityBlockInfo expectedPriority) in /home/runner/work/maintenance-vehicle-block/maintenance-vehicle-block/src/Mottu.Zika.Maintenance.Vehicle.Block.Business.Test/Services/UpdateMaintenanceVehiclesInfoServiceTest.cs:line 128
</StackTrace>
        </ErrorInfo>
      </Output>
    </UnitTestResult>
    <UnitTestResult executionId="76c90269-6c52-44df-85f5-581a5e2f0789" testId="77d8554f-6f00-dce4-eaf9-ae987c843c68" testName="Do not delete event if event not found in database(cultureInfo: &quot;pt-BR&quot;)" computerName="fv-az366-82" duration="00:00:00.0103159" startTime="2023-11-27T03:12:00.7810572+00:00" endTime="2023-11-27T03:12:00.7810573+00:00" testType="13cdc9d9-ddb5-4fa4-a97d-d965ccfc6d4b" outcome="Passed" testListId="8c84fa94-04c1-424b-9868-57a2d4851a1d" relativeResultsDirectory="76c90269-6c52-44df-85f5-581a5e2f0789" />
    <UnitTestResult executionId="bda066bc-9e0e-434b-8301-c9187e385c7a" testId="67b68e93-b8bb-30a5-5350-6959529a5503" testName="UpdateStatusAndPriority_01 (-1,,,Blocked,Blocked,High)" computerName="fv-az366-82" duration="00:00:00.0000041" startTime="2023-11-27T03:12:03.2513307+00:00" endTime="2023-11-27T03:12:03.2514211+00:00" testType="13cdc9d9-ddb5-4fa4-a97d-d965ccfc6d4b" outcome="Passed" testListId="8c84fa94-04c1-424b-9868-57a2d4851a1d" relativeResultsDirectory="bda066bc-9e0e-434b-8301-c9187e385c7a" />
    <UnitTestResult executionId="20c3678d-3635-4d86-8a20-57cffe2824fa" testId="db6045fe-5acf-f80b-3c23-65592124823f" testName="Delete events(qunatityEvents: 11551, affectedsRow: 20)" computerName="fv-az366-82" duration="00:00:00.0033744" startTime="2023-11-27T03:12:00.0018783+00:00" endTime="2023-11-27T03:12:00.0018784+00:00" testType="13cdc9d9-ddb5-4fa4-a97d-d965ccfc6d4b" outcome="Passed" testListId="8c84fa94-04c1-424b-9868-57a2d4851a1d" relativeResultsDirectory="20c3678d-3635-4d86-8a20-57cffe2824fa" />
    <UnitTestResult executionId="f7b2dd56-913d-4a63-bc73-f0930ae2ce24" testId="fc01b2c0-4042-4439-8844-cc8bb39e31fe" testName="ExcessFine_BillingConfigCreateAt_02" computerName="fv-az366-82" duration="00:00:00.0011893" startTime="2023-11-27T03:12:03.2194176+00:00" endTime="2023-11-27T03:12:03.2209443+00:00" testType="13cdc9d9-ddb5-4fa4-a97d-d965ccfc6d4b" outcome="Passed" testListId="8c84fa94-04c1-424b-9868-57a2d4851a1d" relativeResultsDirectory="f7b2dd56-913d-4a63-bc73-f0930ae2ce24" />
    <UnitTestResult executionId="1c8c26d6-7002-4928-853e-f1aa29dfd75f" testId="e55eb19a-f34a-642f-ca46-eb57806a4a3c" testName="ExcessFine_BillingConfigCreateAt_01" computerName="fv-az366-82" duration="00:00:00.0043113" startTime="2023-11-27T03:12:03.2075385+00:00" endTime="2023-11-27T03:12:03.2119423+00:00" testType="13cdc9d9-ddb5-4fa4-a97d-d965ccfc6d4b" outcome="Passed" testListId="8c84fa94-04c1-424b-9868-57a2d4851a1d" relativeResultsDirectory="1c8c26d6-7002-4928-853e-f1aa29dfd75f" />
    <UnitTestResult executionId="eb73ea47-735f-476c-9b40-9ff452e82f2c" testId="7bfa2db5-35f5-da46-6d9e-9f567f5946a3" testName="Fail when try to change the maintenance to mandatory" computerName="fv-az366-82" duration="00:00:00.0516357" startTime="2023-11-27T03:12:01.0823058+00:00" endTime="2023-11-27T03:12:01.0823060+00:00" testType="13cdc9d9-ddb5-4fa4-a97d-d965ccfc6d4b" outcome="Passed" testListId="8c84fa94-04c1-424b-9868-57a2d4851a1d" relativeResultsDirectory="eb73ea47-735f-476c-9b40-9ff452e82f2c" />
    <UnitTestResult executionId="61dafd5f-b4e5-40db-b805-492b9f506246" testId="485e474d-7505-1ce9-044c-76aeae2f009c" testName="UpdateStatusAndPriority_01 (2000,,,Ok,Ok,Normal)" computerName="fv-az366-82" duration="00:00:00.0000064" startTime="2023-11-27T03:12:03.2478297+00:00" endTime="2023-11-27T03:12:03.2479219+00:00" testType="13cdc9d9-ddb5-4fa4-a97d-d965ccfc6d4b" outcome="Passed" testListId="8c84fa94-04c1-424b-9868-57a2d4851a1d" relativeResultsDirectory="61dafd5f-b4e5-40db-b805-492b9f506246" />
    <UnitTestResult executionId="5662768a-6eb8-4c09-9041-e258b74ae442" testId="6387fc76-c4e1-0f31-407c-90b898b2940c" testName="UpdateStatusAndPriority_01 (3000,,,Ok,Ok,Normal)" computerName="fv-az366-82" duration="00:00:00.0000087" startTime="2023-11-27T03:12:03.2476644+00:00" endTime="2023-11-27T03:12:03.2478096+00:00" testType="13cdc9d9-ddb5-4fa4-a97d-d965ccfc6d4b" outcome="Passed" testListId="8c84fa94-04c1-424b-9868-57a2d4851a1d" relativeResultsDirectory="5662768a-6eb8-4c09-9041-e258b74ae442" />
    <UnitTestResult executionId="679060ba-0102-4bb3-bc2f-55402737e4bb" testId="6cf97970-4860-1352-b718-c8aabb7f8cf8" testName="EventReviewCanceled_NullReferenceException" computerName="fv-az366-82" duration="00:00:00.0012143" startTime="2023-11-27T03:12:03.2062249+00:00" endTime="2023-11-27T03:12:03.2075085+00:00" testType="13cdc9d9-ddb5-4fa4-a97d-d965ccfc6d4b" outcome="Passed" testListId="8c84fa94-04c1-424b-9868-57a2d4851a1d" relativeResultsDirectory="679060ba-0102-4bb3-bc2f-55402737e4bb" />
    <UnitTestResult executionId="8c89d0a4-0a70-4ae6-a062-b6d0872ad77c" testId="f693ca7b-df96-d994-f49c-dab773edda4c" testName="Fail when searching for by communication event" computerName="fv-az366-82" duration="00:00:00.0208465" startTime="2023-11-27T03:12:01.2065441+00:00" endTime="2023-11-27T03:12:01.2065442+00:00" testType="13cdc9d9-ddb5-4fa4-a97d-d965ccfc6d4b" outcome="Passed" testListId="8c84fa94-04c1-424b-9868-57a2d4851a1d" relativeResultsDirectory="8c89d0a4-0a70-4ae6-a062-b6d0872ad77c" />
    <UnitTestResult executionId="ec3b022d-77b4-4ee3-b783-894f06badb49" testId="529ddd34-42f5-7db6-fc8d-dc3e7f96b5c1" testName="Success when updating communicationEventLog" computerName="fv-az366-82" duration="00:00:00.0115717" startTime="2023-11-27T03:12:01.2300421+00:00" endTime="2023-11-27T03:12:01.2300422+00:00" testType="13cdc9d9-ddb5-4fa4-a97d-d965ccfc6d4b" outcome="Passed" testListId="8c84fa94-04c1-424b-9868-57a2d4851a1d" relativeResultsDirectory="ec3b022d-77b4-4ee3-b783-894f06badb49" />
    <UnitTestResult executionId="eea5dbd8-3e37-4566-a7a7-77474e85b772" testId="8171a858-a0fc-5747-d7ce-8d3db9abf7e5" testName="Fail when searching for by communication event" computerName="fv-az366-82" duration="00:00:00.0119060" startTime="2023-11-27T03:12:01.1057246+00:00" endTime="2023-11-27T03:12:01.1057256+00:00" testType="13cdc9d9-ddb5-4fa4-a97d-d965ccfc6d4b" outcome="Passed" testListId="8c84fa94-04c1-424b-9868-57a2d4851a1d" relativeResultsDirectory="eea5dbd8-3e37-4566-a7a7-77474e85b772" />
    <UnitTestResult executionId="f8755cbd-6933-4b58-8e9a-3400a7d4689f" testId="d071e1dd-b3f6-5eb5-30a3-b9ebdf76cc55" testName="ExcessFine_BillingConfigCreateAt_Success_01" computerName="fv-az366-82" duration="00:00:00.0012972" startTime="2023-11-27T03:12:03.2162562+00:00" endTime="2023-11-27T03:12:03.2176445+00:00" testType="13cdc9d9-ddb5-4fa4-a97d-d965ccfc6d4b" outcome="Failed" testListId="8c84fa94-04c1-424b-9868-57a2d4851a1d" relativeResultsDirectory="f8755cbd-6933-4b58-8e9a-3400a7d4689f">
      <Output>
        <ErrorInfo>
          <Message>Assert.AreEqual failed. Expected:&lt;MAN_ExcessFine&gt;. Actual:&lt;(null)&gt;. </Message>
          <StackTrace>   at Mottu.Zika.Maintenance.Vehicle.Block.Business.Test.Services.GenerateEventsServiceTest.ExcessFine_BillingConfigCreateAt_Success_01() in /home/runner/work/maintenance-vehicle-block/maintenance-vehicle-block/src/Mottu.Zika.Maintenance.Vehicle.Block.Business.Test/Services/GenerateEventsServiceTest.cs:line 2104
</StackTrace>
        </ErrorInfo>
      </Output>
    </UnitTestResult>
    <UnitTestResult executionId="98337161-2e8f-4c6a-a3cb-a85e6c82cacb" testId="b85a7367-8958-d38b-7f7b-4d9ea8b0e873" testName="UpdateStatusAndPriority_01 (900,,2022-11-01,Warning,Warning,Normal)" computerName="fv-az366-82" duration="00:00:00.0002123" startTime="2023-11-27T03:12:03.2526613+00:00" endTime="2023-11-27T03:12:03.2529742+00:00" testType="13cdc9d9-ddb5-4fa4-a97d-d965ccfc6d4b" outcome="Failed" testListId="8c84fa94-04c1-424b-9868-57a2d4851a1d" relativeResultsDirectory="98337161-2e8f-4c6a-a3cb-a85e6c82cacb">
      <Output>
        <ErrorInfo>
          <Message>Assert.AreEqual failed. Expected:&lt;Warning&gt;. Actual:&lt;Danger&gt;. </Message>
          <StackTrace>   at Mottu.Zika.Maintenance.Vehicle.Block.Business.Test.Services.UpdateMaintenanceVehiclesInfoServiceTest.UpdateStatusAndPriority_01(Int32 odometerReviewIn, String _schedulingActiveAt, String _maintenanceReviewAt, StatusReviewInfo expectedUserStatus, StatusReviewInfo expectedVehicleStatus, PriorityBlockInfo expectedPriority) in /home/runner/work/maintenance-vehicle-block/maintenance-vehicle-block/src/Mottu.Zika.Maintenance.Vehicle.Block.Business.Test/Services/UpdateMaintenanceVehiclesInfoServiceTest.cs:line 128
</StackTrace>
        </ErrorInfo>
      </Output>
    </UnitTestResult>
    <UnitTestResult executionId="b309e98c-4f35-40c8-8114-a9ea3881863d" testId="2d67f961-fc7a-84b5-43cf-6947c9523692" testName="Get paginated events successfully" computerName="fv-az366-82" duration="00:00:00.0363451" startTime="2023-11-27T03:12:00.9086391+00:00" endTime="2023-11-27T03:12:00.9086392+00:00" testType="13cdc9d9-ddb5-4fa4-a97d-d965ccfc6d4b" outcome="Passed" testListId="8c84fa94-04c1-424b-9868-57a2d4851a1d" relativeResultsDirectory="b309e98c-4f35-40c8-8114-a9ea3881863d" />
    <UnitTestResult executionId="b8d6e825-2915-4b17-a505-776e2b20fed7" testId="6d44d2b0-67c6-8ace-82c1-4e2f269039c3" testName="GenerateSchedulingRequestUrl_WithEmptyAttId_ReturnsValidUrlWithoutAttIdParam" computerName="fv-az366-82" duration="00:00:00.0008233" startTime="2023-11-27T03:12:03.2294487+00:00" endTime="2023-11-27T03:12:03.2303458+00:00" testType="13cdc9d9-ddb5-4fa4-a97d-d965ccfc6d4b" outcome="Passed" testListId="8c84fa94-04c1-424b-9868-57a2d4851a1d" relativeResultsDirectory="b8d6e825-2915-4b17-a505-776e2b20fed7" />
    <UnitTestResult executionId="252703e9-1827-45ba-9af9-992cfa10b370" testId="23fbf4fd-cd9a-82ca-fd6e-dd351a3f622e" testName="Do not emit events if there are no vehicle events in the last four hours" computerName="fv-az366-82" duration="00:00:00.0023084" startTime="2023-11-27T03:12:02.7071450+00:00" endTime="2023-11-27T03:12:02.7071452+00:00" testType="13cdc9d9-ddb5-4fa4-a97d-d965ccfc6d4b" outcome="Passed" testListId="8c84fa94-04c1-424b-9868-57a2d4851a1d" relativeResultsDirectory="252703e9-1827-45ba-9af9-992cfa10b370" />
    <UnitTestResult executionId="151998a8-d6dd-4f91-bf29-79378a8cdd4a" testId="6d7b1d8c-9170-bac5-e582-bbefb4f7ed60" testName="GenerateSchedulingRequestUrl_WithUserIds_ReturnsValidUrl" computerName="fv-az366-82" duration="00:00:00.0060413" startTime="2023-11-27T03:12:03.2209776+00:00" endTime="2023-11-27T03:12:03.2272118+00:00" testType="13cdc9d9-ddb5-4fa4-a97d-d965ccfc6d4b" outcome="Passed" testListId="8c84fa94-04c1-424b-9868-57a2d4851a1d" relativeResultsDirectory="151998a8-d6dd-4f91-bf29-79378a8cdd4a">
      <Output>
        <StdOut>https://example.com/Scheduling/GetByUsers?userIds=9c593984-b42e-4ed2-b16d-329a7e9c842f&amp;userIds=d2b256a8-e4f5-4d6e-aa65-ab84c7521492&amp;attributeIds=3b90031e-e5dd-4b90-afee-f7005a7cf846&amp;schedulingStartTimeUtc=2023-11-27%2003:12:03Z</StdOut>
      </Output>
    </UnitTestResult>
    <UnitTestResult executionId="384f5626-85d0-49f9-a9d8-4be9229a45f6" testId="95f70493-3d42-5f6a-38cd-e30c62724857" testName="UpdateStatusAndPriority_01 (300,,2022-11-01,Danger,Danger,High)" computerName="fv-az366-82" duration="00:00:00.0001683" startTime="2023-11-27T03:12:03.2548443+00:00" endTime="2023-11-27T03:12:03.2551275+00:00" testType="13cdc9d9-ddb5-4fa4-a97d-d965ccfc6d4b" outcome="Failed" testListId="8c84fa94-04c1-424b-9868-57a2d4851a1d" relativeResultsDirectory="384f5626-85d0-49f9-a9d8-4be9229a45f6">
      <Output>
        <ErrorInfo>
          <Message>Assert.AreEqual failed. Expected:&lt;Danger&gt;. Actual:&lt;Risk&gt;. </Message>
          <StackTrace>   at Mottu.Zika.Maintenance.Vehicle.Block.Business.Test.Services.UpdateMaintenanceVehiclesInfoServiceTest.UpdateStatusAndPriority_01(Int32 odometerReviewIn, String _schedulingActiveAt, String _maintenanceReviewAt, StatusReviewInfo expectedUserStatus, StatusReviewInfo expectedVehicleStatus, PriorityBlockInfo expectedPriority) in /home/runner/work/maintenance-vehicle-block/maintenance-vehicle-block/src/Mottu.Zika.Maintenance.Vehicle.Block.Business.Test/Services/UpdateMaintenanceVehiclesInfoServiceTest.cs:line 128
</StackTrace>
        </ErrorInfo>
      </Output>
    </UnitTestResult>
  </Results>
  <TestDefinitions>
    <UnitTest name="UpdateStatusAndPriority_01 (900,,2022-11-01,Warning,Warning,Normal)" storage="/home/runner/work/maintenance-vehicle-block/maintenance-vehicle-block/src/mottu.zika.maintenance.vehicle.block.business.test/bin/debug/net6.0/mottu.zika.maintenance.vehicle.block.business.test.dll" id="b85a7367-8958-d38b-7f7b-4d9ea8b0e873">
      <Execution id="98337161-2e8f-4c6a-a3cb-a85e6c82cacb" />
      <TestMethod codeBase="/home/runner/work/maintenance-vehicle-block/maintenance-vehicle-block/src/Mottu.Zika.Maintenance.Vehicle.Block.Business.Test/bin/Debug/net6.0/Mottu.Zika.Maintenance.Vehicle.Block.Business.Test.dll" adapterTypeName="executor://mstestadapter/v2" className="Mottu.Zika.Maintenance.Vehicle.Block.Business.Test.Services.UpdateMaintenanceVehiclesInfoServiceTest" name="UpdateStatusAndPriority_01" />
    </UnitTest>
    <UnitTest name="CalcOdometerReviewIn_02 (0,9000,-8000)" storage="/home/runner/work/maintenance-vehicle-block/maintenance-vehicle-block/src/mottu.zika.maintenance.vehicle.block.business.test/bin/debug/net6.0/mottu.zika.maintenance.vehicle.block.business.test.dll" id="bdefde53-5cc7-db48-8355-782bb7746a31">
      <Execution id="0a11571c-2d20-42ba-b9cf-43b8ad7bd4d0" />
      <TestMethod codeBase="/home/runner/work/maintenance-vehicle-block/maintenance-vehicle-block/src/Mottu.Zika.Maintenance.Vehicle.Block.Business.Test/bin/Debug/net6.0/Mottu.Zika.Maintenance.Vehicle.Block.Business.Test.dll" adapterTypeName="executor://mstestadapter/v2" className="Mottu.Zika.Maintenance.Vehicle.Block.Business.Test.Services.UpdateMaintenanceVehiclesInfoServiceTest" name="CalcOdometerReviewIn_02" />
    </UnitTest>
    <UnitTest name="UpdateStatusAndPriority_01 (500,,2022-11-01,Warning,Warning,Normal)" storage="/home/runner/work/maintenance-vehicle-block/maintenance-vehicle-block/src/mottu.zika.maintenance.vehicle.block.business.test/bin/debug/net6.0/mottu.zika.maintenance.vehicle.block.business.test.dll" id="0a9bd7e5-1041-30dd-6c36-92d1eed16b00">
      <Execution id="1d0b4cce-02db-41c9-b7c0-2cbd3fbc0074" />
      <TestMethod codeBase="/home/runner/work/maintenance-vehicle-block/maintenance-vehicle-block/src/Mottu.Zika.Maintenance.Vehicle.Block.Business.Test/bin/Debug/net6.0/Mottu.Zika.Maintenance.Vehicle.Block.Business.Test.dll" adapterTypeName="executor://mstestadapter/v2" className="Mottu.Zika.Maintenance.Vehicle.Block.Business.Test.Services.UpdateMaintenanceVehiclesInfoServiceTest" name="UpdateStatusAndPriority_01" />
    </UnitTest>
    <UnitTest name="UpdateStatusAndPriority_01 (1,,,Risk,Risk,High)" storage="/home/runner/work/maintenance-vehicle-block/maintenance-vehicle-block/src/mottu.zika.maintenance.vehicle.block.business.test/bin/debug/net6.0/mottu.zika.maintenance.vehicle.block.business.test.dll" id="290772ca-6876-f5ff-0445-f9a2cde23524">
      <Execution id="43505891-2516-4db5-aac3-ff939878431b" />
      <TestMethod codeBase="/home/runner/work/maintenance-vehicle-block/maintenance-vehicle-block/src/Mottu.Zika.Maintenance.Vehicle.Block.Business.Test/bin/Debug/net6.0/Mottu.Zika.Maintenance.Vehicle.Block.Business.Test.dll" adapterTypeName="executor://mstestadapter/v2" className="Mottu.Zika.Maintenance.Vehicle.Block.Business.Test.Services.UpdateMaintenanceVehiclesInfoServiceTest" name="UpdateStatusAndPriority_01" />
    </UnitTest>
    <UnitTest name="Do not send the fine if the incoming vehicle does not have a maintenance review date" storage="/home/runner/work/maintenance-vehicle-block/maintenance-vehicle-block/src/mottu.zika.maintenance.vehicle.block.business.test/bin/debug/net6.0/mottu.zika.maintenance.vehicle.block.business.test.dll" id="7e3f4329-6238-a7f1-052b-b6cb5be962bf">
      <Execution id="a8063ce6-e141-49de-bdf7-23d6e3f6e24e" />
      <TestMethod codeBase="/home/runner/work/maintenance-vehicle-block/maintenance-vehicle-block/src/Mottu.Zika.Maintenance.Vehicle.Block.Business.Test/bin/Debug/net6.0/Mottu.Zika.Maintenance.Vehicle.Block.Business.Test.dll" adapterTypeName="executor://xunit/VsTestRunner2/netcoreapp" className="Mottu.Zika.Maintenance.Vehicle.Block.Business.Test.Services.VehicleExchangeFineServiceTests" name="SendAsync_NoSend_VehicleEntryHasNoReviewDate" />
    </UnitTest>
    <UnitTest name="Success when updating communicationEventLog" storage="/home/runner/work/maintenance-vehicle-block/maintenance-vehicle-block/src/mottu.zika.maintenance.vehicle.block.business.test/bin/debug/net6.0/mottu.zika.maintenance.vehicle.block.business.test.dll" id="d99e647f-643a-4300-cd13-3c25bb1bd6ef">
      <Execution id="d60a50ce-77d4-4b34-9a13-4875a307018a" />
      <TestMethod codeBase="/home/runner/work/maintenance-vehicle-block/maintenance-vehicle-block/src/Mottu.Zika.Maintenance.Vehicle.Block.Business.Test/bin/Debug/net6.0/Mottu.Zika.Maintenance.Vehicle.Block.Business.Test.dll" adapterTypeName="executor://xunit/VsTestRunner2/netcoreapp" className="Mottu.Zika.Maintenance.Vehicle.Block.Business.Test.Services.MaintenanceEventsServiceTests" name="ReceiveMessage_SuccessUpdateCommunicationEvent_CloseMaintenance" />
    </UnitTest>
    <UnitTest name="UpdateStatusAndPriority_01 (500,,,Ok,Ok,Normal)" storage="/home/runner/work/maintenance-vehicle-block/maintenance-vehicle-block/src/mottu.zika.maintenance.vehicle.block.business.test/bin/debug/net6.0/mottu.zika.maintenance.vehicle.block.business.test.dll" id="f76fb8c1-c40d-39fa-a42f-9454013fb003">
      <Execution id="721fd913-6162-4600-baf1-e60bf1e65780" />
      <TestMethod codeBase="/home/runner/work/maintenance-vehicle-block/maintenance-vehicle-block/src/Mottu.Zika.Maintenance.Vehicle.Block.Business.Test/bin/Debug/net6.0/Mottu.Zika.Maintenance.Vehicle.Block.Business.Test.dll" adapterTypeName="executor://mstestadapter/v2" className="Mottu.Zika.Maintenance.Vehicle.Block.Business.Test.Services.UpdateMaintenanceVehiclesInfoServiceTest" name="UpdateStatusAndPriority_01" />
    </UnitTest>
    <UnitTest name="EventReviewCanceled_NullReferenceException" storage="/home/runner/work/maintenance-vehicle-block/maintenance-vehicle-block/src/mottu.zika.maintenance.vehicle.block.business.test/bin/debug/net6.0/mottu.zika.maintenance.vehicle.block.business.test.dll" id="6cf97970-4860-1352-b718-c8aabb7f8cf8">
      <Execution id="679060ba-0102-4bb3-bc2f-55402737e4bb" />
      <TestMethod codeBase="/home/runner/work/maintenance-vehicle-block/maintenance-vehicle-block/src/Mottu.Zika.Maintenance.Vehicle.Block.Business.Test/bin/Debug/net6.0/Mottu.Zika.Maintenance.Vehicle.Block.Business.Test.dll" adapterTypeName="executor://mstestadapter/v2" className="Mottu.Zika.Maintenance.Vehicle.Block.Business.Test.Services.GenerateEventsServiceTest" name="EventReviewCanceled_NullReferenceException" />
    </UnitTest>
    <UnitTest name="UpdateStatusAndPriority_01 (1500,,2022-11-01,Warning,Warning,Normal)" storage="/home/runner/work/maintenance-vehicle-block/maintenance-vehicle-block/src/mottu.zika.maintenance.vehicle.block.business.test/bin/debug/net6.0/mottu.zika.maintenance.vehicle.block.business.test.dll" id="a2313822-9ff0-8ab9-77a2-84c83d98f4e2">
      <Execution id="958cdcd9-5362-4dfe-9258-01eba2e0c7bb" />
[...]
    <TestEntry testId="c90be979-4a5f-d138-c566-884966fbee46" executionId="14c77e2c-0712-42bb-b55d-87175132362c" testListId="8c84fa94-04c1-424b-9868-57a2d4851a1d" />
    <TestEntry testId="3c30b7b2-7263-72b1-e4e1-380b7bb50941" executionId="5c4ee899-78d4-411a-9412-325e46877464" testListId="8c84fa94-04c1-424b-9868-57a2d4851a1d" />
    <TestEntry testId="bdefde53-5cc7-db48-8355-782bb7746a31" executionId="0a11571c-2d20-42ba-b9cf-43b8ad7bd4d0" testListId="8c84fa94-04c1-424b-9868-57a2d4851a1d" />
    <TestEntry testId="bd9dd18b-f455-06a5-83c7-a73cee74aaeb" executionId="ba37906b-5926-4391-a747-6c0375783e02" testListId="8c84fa94-04c1-424b-9868-57a2d4851a1d" />
    <TestEntry testId="9e58cb41-366c-7a01-f71b-6e73fad0d6c1" executionId="a431a3a6-2753-4f73-80cf-6ff48123ee1b" testListId="8c84fa94-04c1-424b-9868-57a2d4851a1d" />
    <TestEntry testId="0ac1e11b-c437-04cb-6592-6a3bddff13d5" executionId="43f9e9ff-3d40-4305-be75-974d9a3d287b" testListId="8c84fa94-04c1-424b-9868-57a2d4851a1d" />
    <TestEntry testId="69476b76-e9cd-e376-9880-a4f68b2a9028" executionId="a1db1d54-9417-432d-8acb-31c8a3a63ed9" testListId="8c84fa94-04c1-424b-9868-57a2d4851a1d" />
    <TestEntry testId="9b63c73b-889e-744e-5a19-bfa0a3f46648" executionId="c15c0e37-59f3-4ec8-b1bd-7d5ac2f51165" testListId="8c84fa94-04c1-424b-9868-57a2d4851a1d" />
    <TestEntry testId="e273a985-d7b8-813f-5cc6-af894c1f0b31" executionId="99105771-bb98-4a38-a8c7-51023a040c9e" testListId="8c84fa94-04c1-424b-9868-57a2d4851a1d" />
    <TestEntry testId="3b597090-2134-4395-c87a-711d77f14171" executionId="0cd5485b-ac00-4ed4-88e5-87a9ccb3c702" testListId="8c84fa94-04c1-424b-9868-57a2d4851a1d" />
    <TestEntry testId="717b0737-6b94-5740-1259-81637ba8f6a4" executionId="bb556361-f89d-4117-90c0-87326f2c6c79" testListId="8c84fa94-04c1-424b-9868-57a2d4851a1d" />
    <TestEntry testId="d27240ad-4fd0-1e34-5864-867882bfa3a7" executionId="67f07588-2c99-4731-b4b8-33069b2b0786" testListId="8c84fa94-04c1-424b-9868-57a2d4851a1d" />
    <TestEntry testId="668a6cd3-7b6c-cf17-7be4-d4fb3266e4c2" executionId="7cd888b1-545c-4260-8353-dbdee91ee595" testListId="8c84fa94-04c1-424b-9868-57a2d4851a1d" />
    <TestEntry testId="a2313822-9ff0-8ab9-77a2-84c83d98f4e2" executionId="958cdcd9-5362-4dfe-9258-01eba2e0c7bb" testListId="8c84fa94-04c1-424b-9868-57a2d4851a1d" />
    <TestEntry testId="290772ca-6876-f5ff-0445-f9a2cde23524" executionId="43505891-2516-4db5-aac3-ff939878431b" testListId="8c84fa94-04c1-424b-9868-57a2d4851a1d" />
    <TestEntry testId="6bbc6991-6771-f93e-6bbd-49efb5ac1339" executionId="233377ea-32f9-4ac9-9903-7f512ac76396" testListId="8c84fa94-04c1-424b-9868-57a2d4851a1d" />
    <TestEntry testId="0a902d48-c4d7-d36b-aea4-4ae6e604e241" executionId="1fb5841a-bc44-4fa2-9d47-440b578c6b4c" testListId="8c84fa94-04c1-424b-9868-57a2d4851a1d" />
    <TestEntry testId="f672c438-7f10-71b7-f2d8-5de357655125" executionId="7605d0c9-d83e-4d81-931f-cfc43abd732e" testListId="8c84fa94-04c1-424b-9868-57a2d4851a1d" />
    <TestEntry testId="0f02b24d-58f4-a3ee-5a10-ea28925e466a" executionId="2b978476-7800-4140-b8dc-211661e1e50a" testListId="8c84fa94-04c1-424b-9868-57a2d4851a1d" />
    <TestEntry testId="afc20e01-4250-965d-b815-294f06c74c84" executionId="3351c3dc-08df-4c9c-9e63-2d3c9e74dfdd" testListId="8c84fa94-04c1-424b-9868-57a2d4851a1d" />
    <TestEntry testId="6a488549-904f-d92d-07cc-1a1e8c24815d" executionId="779a9278-3c13-41ae-83b7-3ee1ff12499a" testListId="8c84fa94-04c1-424b-9868-57a2d4851a1d" />
    <TestEntry testId="2c13becb-4a79-0dc4-d99e-c20910387dcc" executionId="5e256ef7-b868-41ca-9cde-4343dbb63c83" testListId="8c84fa94-04c1-424b-9868-57a2d4851a1d" />
    <TestEntry testId="9e4b21ab-3c51-e6d7-cd03-828dbe2c196f" executionId="0e072117-9dc0-455c-a952-36eb9f4c87ad" testListId="8c84fa94-04c1-424b-9868-57a2d4851a1d" />
    <TestEntry testId="4cb1e40b-1e31-5b18-6754-b48bb6b0b3f8" executionId="6562375a-d18f-4ed3-a585-7a9721ce022b" testListId="8c84fa94-04c1-424b-9868-57a2d4851a1d" />
    <TestEntry testId="7fbf0860-6614-2f93-8983-0e324be50eb6" executionId="74e514cf-0467-4a7b-9ca0-faa398de2a61" testListId="8c84fa94-04c1-424b-9868-57a2d4851a1d" />
    <TestEntry testId="7e3f4329-6238-a7f1-052b-b6cb5be962bf" executionId="a8063ce6-e141-49de-bdf7-23d6e3f6e24e" testListId="8c84fa94-04c1-424b-9868-57a2d4851a1d" />
    <TestEntry testId="a8141121-ab07-11b2-e72c-ac304228d0df" executionId="fc22c551-b6d5-429a-b44a-9a56afe0054e" testListId="8c84fa94-04c1-424b-9868-57a2d4851a1d" />
    <TestEntry testId="d99e647f-643a-4300-cd13-3c25bb1bd6ef" executionId="d60a50ce-77d4-4b34-9a13-4875a307018a" testListId="8c84fa94-04c1-424b-9868-57a2d4851a1d" />
    <TestEntry testId="1c06603c-68ae-b822-70e2-19b014440d97" executionId="fbf363e7-3696-412b-bf37-978cf47b0313" testListId="8c84fa94-04c1-424b-9868-57a2d4851a1d" />
    <TestEntry testId="05bb93d7-9fd9-267b-151d-1740e7fb4feb" executionId="eade4516-0b0b-4be8-a409-0b8a8a99102a" testListId="8c84fa94-04c1-424b-9868-57a2d4851a1d" />
    <TestEntry testId="c120fc44-c675-afa0-de26-e03e2f3d004d" executionId="584a309f-5c5d-4940-ac15-aa2672d2688f" testListId="8c84fa94-04c1-424b-9868-57a2d4851a1d" />
    <TestEntry testId="3e9c3905-ae31-1d36-b8f2-1aa2c4323b0e" executionId="1e641956-e17e-4d4c-94ed-271a0da8ee18" testListId="8c84fa94-04c1-424b-9868-57a2d4851a1d" />
    <TestEntry testId="eb08549b-68c3-67c0-5125-5207998efb1e" executionId="9a4451f0-5fc2-4613-8f84-f0ba1bfeb475" testListId="8c84fa94-04c1-424b-9868-57a2d4851a1d" />
    <TestEntry testId="fe89c6b3-2b17-14a9-77f2-08a3634340e5" executionId="4d4d5a47-b14c-416d-9a58-1728ff1ae1a1" testListId="8c84fa94-04c1-424b-9868-57a2d4851a1d" />
    <TestEntry testId="30253833-59f9-4640-4b01-e3aa4d46b99b" executionId="95f31079-094d-4879-b3f7-c92196de804d" testListId="8c84fa94-04c1-424b-9868-57a2d4851a1d" />
    <TestEntry testId="982d058b-24c4-0320-a7c5-5c99afca1f17" executionId="535774fb-e167-46a7-b8b7-d43f7d30d28b" testListId="8c84fa94-04c1-424b-9868-57a2d4851a1d" />
    <TestEntry testId="1580ecb8-1d34-87f4-0b0d-8e9ccf70bf5b" executionId="417e38f4-6fd2-42c9-ad8d-de4987fd3420" testListId="8c84fa94-04c1-424b-9868-57a2d4851a1d" />
    <TestEntry testId="0fe1d6ce-12f0-840d-011e-53ff5eeec1d6" executionId="f6bcfb47-97ff-4782-8558-6ba248036243" testListId="8c84fa94-04c1-424b-9868-57a2d4851a1d" />
    <TestEntry testId="cfb7db48-f9ca-9fbe-e4f4-8faf7a24ca7c" executionId="bfb5fd00-1b4c-4868-a3b2-a92fa7410ea6" testListId="8c84fa94-04c1-424b-9868-57a2d4851a1d" />
    <TestEntry testId="819cc8ca-f372-b629-3407-7b88ec991598" executionId="3e0741aa-ea4c-473d-8378-9d9d2e7d0e81" testListId="8c84fa94-04c1-424b-9868-57a2d4851a1d" />
    <TestEntry testId="faf1bcec-c9c9-8c4c-65d7-764be98f01e5" executionId="410a1642-eedb-4809-bc35-be56d4106f64" testListId="8c84fa94-04c1-424b-9868-57a2d4851a1d" />
    <TestEntry testId="d466817b-5b1d-848c-217d-e0e705a6ab22" executionId="77bd41ac-06f3-4e37-be07-35dc6d64354f" testListId="8c84fa94-04c1-424b-9868-57a2d4851a1d" />
    <TestEntry testId="0b95cfe2-6088-89e5-8930-4a6fa8d2858d" executionId="5a634fb4-4ca4-4796-b50e-dbfb450f38d7" testListId="8c84fa94-04c1-424b-9868-57a2d4851a1d" />
    <TestEntry testId="989bebf0-786a-03ee-1620-4fa3e5baf6ee" executionId="05777a06-9d68-4588-9bfa-85ec4e45d7e4" testListId="8c84fa94-04c1-424b-9868-57a2d4851a1d" />
    <TestEntry testId="06527da0-0f54-1ffa-346d-dbbecb6897e2" executionId="cfab8a1b-7036-4c08-a88a-923c4e3b455f" testListId="8c84fa94-04c1-424b-9868-57a2d4851a1d" />
    <TestEntry testId="9ced153f-138b-60a0-9319-fbc7bce31fed" executionId="9bcab80b-9144-4f5a-8bae-f0d497bec367" testListId="8c84fa94-04c1-424b-9868-57a2d4851a1d" />
    <TestEntry testId="6a0db6d5-2650-7207-6988-14963f2b53e5" executionId="af06c229-0f37-405e-be5e-f5d2acce099c" testListId="8c84fa94-04c1-424b-9868-57a2d4851a1d" />
    <TestEntry testId="663296f7-cce7-7d8d-45aa-3b44309942ce" executionId="3e83dd71-edc6-4584-9683-ab4e7717e1f1" testListId="8c84fa94-04c1-424b-9868-57a2d4851a1d" />
    <TestEntry testId="37eb7083-5c84-aead-9b23-2fb42a3c40f0" executionId="54bd59b5-56a0-410b-a9a6-028f52e683d3" testListId="8c84fa94-04c1-424b-9868-57a2d4851a1d" />
    <TestEntry testId="03fcb761-cd2f-2d9a-9c56-7f1723a265ec" executionId="ccd04332-2ddf-49d0-a59d-e3e390ccc5cb" testListId="8c84fa94-04c1-424b-9868-57a2d4851a1d" />
    <TestEntry testId="73fe3188-59e0-c468-fb9d-7c321db001db" executionId="7251b1e3-244b-4472-a1a2-dd695edd0292" testListId="8c84fa94-04c1-424b-9868-57a2d4851a1d" />
    <TestEntry testId="30856e18-03a5-9aa9-7b67-756123619c56" executionId="83f1fa1c-50e3-48b9-aeeb-892c76a144b4" testListId="8c84fa94-04c1-424b-9868-57a2d4851a1d" />
    <TestEntry testId="7588fe7d-42cc-abcc-5282-5f601a03c1de" executionId="01192a2f-3fb3-491a-94c2-1e6778551b3c" testListId="8c84fa94-04c1-424b-9868-57a2d4851a1d" />
    <TestEntry testId="ac7df4c1-fbee-6402-9b8d-7ffb58cc049b" executionId="44a78857-fb12-4049-9b12-702f037dbf77" testListId="8c84fa94-04c1-424b-9868-57a2d4851a1d" />
    <TestEntry testId="0a9bd7e5-1041-30dd-6c36-92d1eed16b00" executionId="1d0b4cce-02db-41c9-b7c0-2cbd3fbc0074" testListId="8c84fa94-04c1-424b-9868-57a2d4851a1d" />
    <TestEntry testId="0813a073-49c2-1b4c-f7f2-f51c9e9a7246" executionId="a3d2b36c-f06a-4512-b236-46a87c136257" testListId="8c84fa94-04c1-424b-9868-57a2d4851a1d" />
    <TestEntry testId="8c565da1-a454-1e8d-9e0b-54211919102e" executionId="d589a5d2-a2a6-44a4-a496-74995758be08" testListId="8c84fa94-04c1-424b-9868-57a2d4851a1d" />
    <TestEntry testId="8ff1048a-6e47-88ba-d98b-562dd091f177" executionId="74815496-6d92-4f74-9e58-4b12d0897169" testListId="8c84fa94-04c1-424b-9868-57a2d4851a1d" />
    <TestEntry testId="2cbec4f1-df05-d21d-67a1-8f9b8c4bbec0" executionId="adcce0e3-8c52-4e2f-9d68-eaf3e216fd80" testListId="8c84fa94-04c1-424b-9868-57a2d4851a1d" />
    <TestEntry testId="d3d5f762-1ebd-fc0e-80d0-310a57e1d7c3" executionId="0c4111c5-76db-4ca8-bd76-d93ca64c8a2d" testListId="8c84fa94-04c1-424b-9868-57a2d4851a1d" />
    <TestEntry testId="c39d5612-96c5-43ad-829d-0e0b9cc624df" executionId="a2bfe2e2-706a-4389-b2ae-108f4de1102d" testListId="8c84fa94-04c1-424b-9868-57a2d4851a1d" />
    <TestEntry testId="82114295-b6d3-8dfa-526c-0222dc15e34a" executionId="a82e55b3-44c7-42e0-bd8f-01fac74d2d10" testListId="8c84fa94-04c1-424b-9868-57a2d4851a1d" />
    <TestEntry testId="e481325f-9951-bef7-745d-4460d64c150c" executionId="3a8f8d74-4bdf-4a52-983a-ceb088168d7f" testListId="8c84fa94-04c1-424b-9868-57a2d4851a1d" />
    <TestEntry testId="664dd75d-b761-06ed-ae12-0f927c2e92fd" executionId="f2035ed8-8a8f-4438-a01a-57f1409bf0ab" testListId="8c84fa94-04c1-424b-9868-57a2d4851a1d" />
    <TestEntry testId="b5f6ad3f-be6c-ce72-00ba-01bd1d5421ef" executionId="6afcf2f2-bdf9-450b-9113-38be8083ed36" testListId="8c84fa94-04c1-424b-9868-57a2d4851a1d" />
    <TestEntry testId="69750925-f385-9b1d-b89f-e8312ca6e522" executionId="c690cb63-e73f-481c-9822-bac370132567" testListId="8c84fa94-04c1-424b-9868-57a2d4851a1d" />
    <TestEntry testId="2644a737-2680-d1b5-7d97-9a82988168e2" executionId="0ed174a7-3f96-49ee-be3b-a318973c9f80" testListId="8c84fa94-04c1-424b-9868-57a2d4851a1d" />
    <TestEntry testId="b9505912-c5e6-d78e-09b7-61f3084f46c4" executionId="5685eb14-decf-4ec9-b966-95242acba65f" testListId="8c84fa94-04c1-424b-9868-57a2d4851a1d" />
    <TestEntry testId="95fd55e1-44c5-acfa-7ee0-5010861e6310" executionId="b48346f8-1234-43a4-83f0-43616ffce9c2" testListId="8c84fa94-04c1-424b-9868-57a2d4851a1d" />
    <TestEntry testId="43182c1b-7e6c-bdef-4193-29dd746f8b90" executionId="bcb2d63d-cd7b-487e-a4ef-cbc3260ffba7" testListId="8c84fa94-04c1-424b-9868-57a2d4851a1d" />
    <TestEntry testId="77d8554f-6f00-dce4-eaf9-ae987c843c68" executionId="76c90269-6c52-44df-85f5-581a5e2f0789" testListId="8c84fa94-04c1-424b-9868-57a2d4851a1d" />
    <TestEntry testId="67b68e93-b8bb-30a5-5350-6959529a5503" executionId="bda066bc-9e0e-434b-8301-c9187e385c7a" testListId="8c84fa94-04c1-424b-9868-57a2d4851a1d" />
    <TestEntry testId="db6045fe-5acf-f80b-3c23-65592124823f" executionId="20c3678d-3635-4d86-8a20-57cffe2824fa" testListId="8c84fa94-04c1-424b-9868-57a2d4851a1d" />
    <TestEntry testId="fc01b2c0-4042-4439-8844-cc8bb39e31fe" executionId="f7b2dd56-913d-4a63-bc73-f0930ae2ce24" testListId="8c84fa94-04c1-424b-9868-57a2d4851a1d" />
    <TestEntry testId="e55eb19a-f34a-642f-ca46-eb57806a4a3c" executionId="1c8c26d6-7002-4928-853e-f1aa29dfd75f" testListId="8c84fa94-04c1-424b-9868-57a2d4851a1d" />
    <TestEntry testId="7bfa2db5-35f5-da46-6d9e-9f567f5946a3" executionId="eb73ea47-735f-476c-9b40-9ff452e82f2c" testListId="8c84fa94-04c1-424b-9868-57a2d4851a1d" />
    <TestEntry testId="485e474d-7505-1ce9-044c-76aeae2f009c" executionId="61dafd5f-b4e5-40db-b805-492b9f506246" testListId="8c84fa94-04c1-424b-9868-57a2d4851a1d" />
    <TestEntry testId="6387fc76-c4e1-0f31-407c-90b898b2940c" executionId="5662768a-6eb8-4c09-9041-e258b74ae442" testListId="8c84fa94-04c1-424b-9868-57a2d4851a1d" />
    <TestEntry testId="6cf97970-4860-1352-b718-c8aabb7f8cf8" executionId="679060ba-0102-4bb3-bc2f-55402737e4bb" testListId="8c84fa94-04c1-424b-9868-57a2d4851a1d" />
    <TestEntry testId="f693ca7b-df96-d994-f49c-dab773edda4c" executionId="8c89d0a4-0a70-4ae6-a062-b6d0872ad77c" testListId="8c84fa94-04c1-424b-9868-57a2d4851a1d" />
    <TestEntry testId="529ddd34-42f5-7db6-fc8d-dc3e7f96b5c1" executionId="ec3b022d-77b4-4ee3-b783-894f06badb49" testListId="8c84fa94-04c1-424b-9868-57a2d4851a1d" />
    <TestEntry testId="8171a858-a0fc-5747-d7ce-8d3db9abf7e5" executionId="eea5dbd8-3e37-4566-a7a7-77474e85b772" testListId="8c84fa94-04c1-424b-9868-57a2d4851a1d" />
    <TestEntry testId="d071e1dd-b3f6-5eb5-30a3-b9ebdf76cc55" executionId="f8755cbd-6933-4b58-8e9a-3400a7d4689f" testListId="8c84fa94-04c1-424b-9868-57a2d4851a1d" />
    <TestEntry testId="b85a7367-8958-d38b-7f7b-4d9ea8b0e873" executionId="98337161-2e8f-4c6a-a3cb-a85e6c82cacb" testListId="8c84fa94-04c1-424b-9868-57a2d4851a1d" />
    <TestEntry testId="2d67f961-fc7a-84b5-43cf-6947c9523692" executionId="b309e98c-4f35-40c8-8114-a9ea3881863d" testListId="8c84fa94-04c1-424b-9868-57a2d4851a1d" />
    <TestEntry testId="6d44d2b0-67c6-8ace-82c1-4e2f269039c3" executionId="b8d6e825-2915-4b17-a505-776e2b20fed7" testListId="8c84fa94-04c1-424b-9868-57a2d4851a1d" />
    <TestEntry testId="23fbf4fd-cd9a-82ca-fd6e-dd351a3f622e" executionId="252703e9-1827-45ba-9af9-992cfa10b370" testListId="8c84fa94-04c1-424b-9868-57a2d4851a1d" />
    <TestEntry testId="6d7b1d8c-9170-bac5-e582-bbefb4f7ed60" executionId="151998a8-d6dd-4f91-bf29-79378a8cdd4a" testListId="8c84fa94-04c1-424b-9868-57a2d4851a1d" />
    <TestEntry testId="95f70493-3d42-5f6a-38cd-e30c62724857" executionId="384f5626-85d0-49f9-a9d8-4be9229a45f6" testListId="8c84fa94-04c1-424b-9868-57a2d4851a1d" />
  </TestEntries>
  <TestLists>
    <TestList name="Results Not in a List" id="8c84fa94-04c1-424b-9868-57a2d4851a1d" />
    <TestList name="All Loaded Results" id="19431567-8539-422a-85d7-44ee4e166bda" />
  </TestLists>
  <ResultSummary outcome="Failed">
    <Counters total="112" executed="112" passed="92" failed="20" error="0" timeout="0" aborted="0" inconclusive="0" passedButRunAborted="0" notRunnable="0" notExecuted="0" disconnected="0" warning="0" completed="0" inProgress="0" pending="0" />
    <Output>
      <StdOut>[xUnit.net 00:00:00.00] xUnit.net VSTest Adapter v2.5.0.1+5ebf84cd75 (64-bit .NET 6.0.25)
[xUnit.net 00:00:00.53]   Discovering: Mottu.Zika.Maintenance.Vehicle.Block.Business.Test
[xUnit.net 00:00:00.64]   Discovered:  Mottu.Zika.Maintenance.Vehicle.Block.Business.Test
[xUnit.net 00:00:00.64]   Starting:    Mottu.Zika.Maintenance.Vehicle.Block.Business.Test
[xUnit.net 00:00:01.85]       System.NullReferenceException : Object reference not set to an instance of an object.
[xUnit.net 00:00:01.85]       Stack Trace:
[xUnit.net 00:00:01.85]         /home/runner/work/maintenance-vehicle-block/maintenance-vehicle-block/src/Mottu.Zika.Maintenance.Vehicle.Block.Business.Test/Handler/CommunicationEventLogHandlerTest.cs(51,0): at Mottu.Zika.Maintenance.Vehicle.Block.Business.Test.Handler.CommunicationEventLogHandlerTest.CommunicationEventLog_DoNotGetEvent_PageParamsInvalid(String cultureInfo)
[xUnit.net 00:00:01.85]         --- End of stack trace from previous location ---
[xUnit.net 00:00:01.86]       System.NullReferenceException : Object reference not set to an instance of an object.
[xUnit.net 00:00:01.86]       Stack Trace:
[xUnit.net 00:00:01.86]         /home/runner/work/maintenance-vehicle-block/maintenance-vehicle-block/src/Mottu.Zika.Maintenance.Vehicle.Block.Business.Test/Handler/CommunicationEventLogHandlerTest.cs(51,0): at Mottu.Zika.Maintenance.Vehicle.Block.Business.Test.Handler.CommunicationEventLogHandlerTest.CommunicationEventLog_DoNotGetEvent_PageParamsInvalid(String cultureInfo)
[xUnit.net 00:00:01.86]         --- End of stack trace from previous location ---
[xUnit.net 00:00:01.86]       System.NullReferenceException : Object reference not set to an instance of an object.
[xUnit.net 00:00:01.86]       Stack Trace:
[xUnit.net 00:00:01.86]         /home/runner/work/maintenance-vehicle-block/maintenance-vehicle-block/src/Mottu.Zika.Maintenance.Vehicle.Block.Business.Test/Handler/CommunicationEventLogHandlerTest.cs(51,0): at Mottu.Zika.Maintenance.Vehicle.Block.Business.Test.Handler.CommunicationEventLogHandlerTest.CommunicationEventLog_DoNotGetEvent_PageParamsInvalid(String cultureInfo)
[xUnit.net 00:00:01.86]         --- End of stack trace from previous location ---
[xUnit.net 00:00:02.18]       Assert.Throws() Failure: Exception type was not an exact match
[xUnit.net 00:00:02.18]       Expected: typeof(System.Exception)
[xUnit.net 00:00:02.18]       Actual:   typeof(System.NullReferenceException)
[xUnit.net 00:00:02.18]       ---- System.NullReferenceException : Object reference not set to an instance of an object.
[xUnit.net 00:00:02.18]       Stack Trace:
[xUnit.net 00:00:02.18]         /home/runner/work/maintenance-vehicle-block/maintenance-vehicle-block/src/Mottu.Zika.Maintenance.Vehicle.Block.Business.Test/Services/MaintenanceEventsServiceTests.cs(91,0): at Mottu.Zika.Maintenance.Vehicle.Block.Business.Test.Services.MaintenanceEventsServiceTests.ReceiveMessage_ErrorAtChangingMaintenanceResponseNull()
[xUnit.net 00:00:02.18]         --- End of stack trace from previous location ---
[xUnit.net 00:00:02.18]         ----- Inner Stack Trace -----
[xUnit.net 00:00:02.18]         /home/runner/work/maintenance-vehicle-block/maintenance-vehicle-block/src/Mottu.Zika.Maintenance.Vehicle.Block.Business/Services/MaintenanceEventsQueueService.cs(57,0): at Mottu.Zika.Maintenance.Vehicle.Block.Business.Services.MaintenanceEventsQueueService.UpdateVehicleFromMaintenanceQueue(MaintenanceEventQueue maintenanceFromQueue)
[xUnit.net 00:00:03.72]   Finished:    Mottu.Zika.Maintenance.Vehicle.Block.Business.Test
</StdOut>
    </Output>
    <RunInfos>
      <RunInfo computerName="fv-az366-82" outcome="Error" timestamp="2023-11-27T03:12:00.8308903+00:00">
        <Text>[xUnit.net 00:00:01.84]     Do not get events if paginate params is negative numbers(cultureInfo: "pt-BR") [FAIL]</Text>
      </RunInfo>
      <RunInfo computerName="fv-az366-82" outcome="Error" timestamp="2023-11-27T03:12:00.8453596+00:00">
        <Text>[xUnit.net 00:00:01.86]     Do not get events if paginate params is negative numbers(cultureInfo: "us") [FAIL]</Text>
      </RunInfo>
      <RunInfo computerName="fv-az366-82" outcome="Error" timestamp="2023-11-27T03:12:00.8487968+00:00">
        <Text>[xUnit.net 00:00:01.86]     Do not get events if paginate params is negative numbers(cultureInfo: "es-MX") [FAIL]</Text>
      </RunInfo>
      <RunInfo computerName="fv-az366-82" outcome="Error" timestamp="2023-11-27T03:12:01.1744206+00:00">
        <Text>[xUnit.net 00:00:02.18]     Fail when try to change the maintenance to mandatory [FAIL]</Text>
      </RunInfo>
    </RunInfos>
  </ResultSummary>
</TestRun>